{"/home/dunguyen/training/react-native-training/healthy-food/assets/icons/arrow-left.webp": {"path":"/home/dunguyen/training/react-native-training/healthy-food/assets/icons/arrow-left.webp","statementMap":{"0":{"start":{"line":1,"column":0},"end":{"line":4,"column":6}}},"fnMap":{},"branchMap":{},"s":{"0":15},"f":{},"b":{},"_coverageSchema":"1a1c01bbd47fc00a2c39e90264f33305004495a9","hash":"f942dbd81a2a2e363bbc8427b690a2124faabdd0"}
,"/home/dunguyen/training/react-native-training/healthy-food/assets/icons/arrow-right-bold.webp": {"path":"/home/dunguyen/training/react-native-training/healthy-food/assets/icons/arrow-right-bold.webp","statementMap":{"0":{"start":{"line":1,"column":0},"end":{"line":4,"column":6}}},"fnMap":{},"branchMap":{},"s":{"0":15},"f":{},"b":{},"_coverageSchema":"1a1c01bbd47fc00a2c39e90264f33305004495a9","hash":"4ec8906b98554705b18178f10c6bcaf09cf337e9"}
,"/home/dunguyen/training/react-native-training/healthy-food/assets/icons/favorite-fill.webp": {"path":"/home/dunguyen/training/react-native-training/healthy-food/assets/icons/favorite-fill.webp","statementMap":{"0":{"start":{"line":1,"column":0},"end":{"line":4,"column":6}}},"fnMap":{},"branchMap":{},"s":{"0":15},"f":{},"b":{},"_coverageSchema":"1a1c01bbd47fc00a2c39e90264f33305004495a9","hash":"5fcc1a64be49f382f30696d6f63128bcff1deba3"}
,"/home/dunguyen/training/react-native-training/healthy-food/assets/icons/favorite.webp": {"path":"/home/dunguyen/training/react-native-training/healthy-food/assets/icons/favorite.webp","statementMap":{"0":{"start":{"line":1,"column":0},"end":{"line":4,"column":6}}},"fnMap":{},"branchMap":{},"s":{"0":15},"f":{},"b":{},"_coverageSchema":"1a1c01bbd47fc00a2c39e90264f33305004495a9","hash":"17d8475f83837bf908b32461b41c6e0a8d0edec5"}
,"/home/dunguyen/training/react-native-training/healthy-food/assets/icons/home-fill.webp": {"path":"/home/dunguyen/training/react-native-training/healthy-food/assets/icons/home-fill.webp","statementMap":{"0":{"start":{"line":1,"column":0},"end":{"line":4,"column":6}}},"fnMap":{},"branchMap":{},"s":{"0":15},"f":{},"b":{},"_coverageSchema":"1a1c01bbd47fc00a2c39e90264f33305004495a9","hash":"16d75eaad782771953fcfbf9814ab2f688f57f10"}
,"/home/dunguyen/training/react-native-training/healthy-food/assets/icons/home.webp": {"path":"/home/dunguyen/training/react-native-training/healthy-food/assets/icons/home.webp","statementMap":{"0":{"start":{"line":1,"column":0},"end":{"line":4,"column":6}}},"fnMap":{},"branchMap":{},"s":{"0":15},"f":{},"b":{},"_coverageSchema":"1a1c01bbd47fc00a2c39e90264f33305004495a9","hash":"f8fcebe8b38af6898836f8bd821b7ae0ef51a8b1"}
,"/home/dunguyen/training/react-native-training/healthy-food/assets/icons/icon-search.webp": {"path":"/home/dunguyen/training/react-native-training/healthy-food/assets/icons/icon-search.webp","statementMap":{"0":{"start":{"line":1,"column":0},"end":{"line":4,"column":6}}},"fnMap":{},"branchMap":{},"s":{"0":15},"f":{},"b":{},"_coverageSchema":"1a1c01bbd47fc00a2c39e90264f33305004495a9","hash":"779cb0a060ed12bd10784ef0638662ba2acde542"}
,"/home/dunguyen/training/react-native-training/healthy-food/assets/icons/question.webp": {"path":"/home/dunguyen/training/react-native-training/healthy-food/assets/icons/question.webp","statementMap":{"0":{"start":{"line":1,"column":0},"end":{"line":4,"column":6}}},"fnMap":{},"branchMap":{},"s":{"0":15},"f":{},"b":{},"_coverageSchema":"1a1c01bbd47fc00a2c39e90264f33305004495a9","hash":"bfeb9f63b57afe0bdf3b116ad8fee6a73b4f7ac6"}
,"/home/dunguyen/training/react-native-training/healthy-food/assets/icons/search-fill.webp": {"path":"/home/dunguyen/training/react-native-training/healthy-food/assets/icons/search-fill.webp","statementMap":{"0":{"start":{"line":1,"column":0},"end":{"line":4,"column":6}}},"fnMap":{},"branchMap":{},"s":{"0":15},"f":{},"b":{},"_coverageSchema":"1a1c01bbd47fc00a2c39e90264f33305004495a9","hash":"b7a92ebe566f0802728445b16602e6400f35728a"}
,"/home/dunguyen/training/react-native-training/healthy-food/assets/icons/search.webp": {"path":"/home/dunguyen/training/react-native-training/healthy-food/assets/icons/search.webp","statementMap":{"0":{"start":{"line":1,"column":0},"end":{"line":4,"column":6}}},"fnMap":{},"branchMap":{},"s":{"0":15},"f":{},"b":{},"_coverageSchema":"1a1c01bbd47fc00a2c39e90264f33305004495a9","hash":"1776690476cfd6355d89bb8fd5ea8e6bf89e0078"}
,"/home/dunguyen/training/react-native-training/healthy-food/assets/images/empty.webp": {"path":"/home/dunguyen/training/react-native-training/healthy-food/assets/images/empty.webp","statementMap":{"0":{"start":{"line":1,"column":0},"end":{"line":4,"column":6}}},"fnMap":{},"branchMap":{},"s":{"0":15},"f":{},"b":{},"_coverageSchema":"1a1c01bbd47fc00a2c39e90264f33305004495a9","hash":"51b5c2490c946cf7ea0bf51c2de35eb23a819e2e"}
,"/home/dunguyen/training/react-native-training/healthy-food/assets/images/logo.webp": {"path":"/home/dunguyen/training/react-native-training/healthy-food/assets/images/logo.webp","statementMap":{"0":{"start":{"line":1,"column":0},"end":{"line":4,"column":6}}},"fnMap":{},"branchMap":{},"s":{"0":15},"f":{},"b":{},"_coverageSchema":"1a1c01bbd47fc00a2c39e90264f33305004495a9","hash":"c6b96685e3d8acdf4b20d1982602379987d245aa"}
,"/home/dunguyen/training/react-native-training/healthy-food/assets/images/not-found.webp": {"path":"/home/dunguyen/training/react-native-training/healthy-food/assets/images/not-found.webp","statementMap":{"0":{"start":{"line":1,"column":0},"end":{"line":4,"column":6}}},"fnMap":{},"branchMap":{},"s":{"0":15},"f":{},"b":{},"_coverageSchema":"1a1c01bbd47fc00a2c39e90264f33305004495a9","hash":"820d497c7fddd34090b4613e853aa2618f92993f"}
,"/home/dunguyen/training/react-native-training/healthy-food/src/components/index.ts": {"path":"/home/dunguyen/training/react-native-training/healthy-food/src/components/index.ts","statementMap":{},"fnMap":{},"branchMap":{},"s":{},"f":{},"b":{},"_coverageSchema":"1a1c01bbd47fc00a2c39e90264f33305004495a9","hash":"fff89104da487b4014ebbe1cee6acaa150ffef2a"}
,"/home/dunguyen/training/react-native-training/healthy-food/src/components/Article/index.tsx": {"path":"/home/dunguyen/training/react-native-training/healthy-food/src/components/Article/index.tsx","statementMap":{"0":{"start":{"line":18,"column":20},"end":{"line":21,"column":1}},"1":{"start":{"line":28,"column":16},"end":{"line":71,"column":1}},"2":{"start":{"line":36,"column":2},"end":{"line":70,"column":4}},"3":{"start":{"line":75,"column":15},"end":{"line":113,"column":2}}},"fnMap":{"0":{"name":"(anonymous_0)","decl":{"start":{"line":28,"column":16},"end":{"line":28,"column":17}},"loc":{"start":{"line":35,"column":20},"end":{"line":71,"column":1}},"line":35}},"branchMap":{},"s":{"0":6,"1":6,"2":19,"3":6},"f":{"0":19},"b":{},"_coverageSchema":"1a1c01bbd47fc00a2c39e90264f33305004495a9","hash":"5e6df39d71878a94dc9f877d1022c2c16e4179c6"}
,"/home/dunguyen/training/react-native-training/healthy-food/src/components/ArticlesSlider/index.tsx": {"path":"/home/dunguyen/training/react-native-training/healthy-food/src/components/ArticlesSlider/index.tsx","statementMap":{"0":{"start":{"line":17,"column":19},"end":{"line":20,"column":1}},"1":{"start":{"line":22,"column":22},"end":{"line":59,"column":1}},"2":{"start":{"line":23,"column":19},"end":{"line":23,"column":36}},"3":{"start":{"line":25,"column":51},"end":{"line":27,"column":3}},"4":{"start":{"line":26,"column":4},"end":{"line":26,"column":76}},"5":{"start":{"line":29,"column":2},"end":{"line":58,"column":4}},"6":{"start":{"line":49,"column":37},"end":{"line":49,"column":39}},"7":{"start":{"line":63,"column":15},"end":{"line":90,"column":2}}},"fnMap":{"0":{"name":"(anonymous_0)","decl":{"start":{"line":22,"column":22},"end":{"line":22,"column":23}},"loc":{"start":{"line":22,"column":66},"end":{"line":59,"column":1}},"line":22},"1":{"name":"(anonymous_1)","decl":{"start":{"line":25,"column":51},"end":{"line":25,"column":52}},"loc":{"start":{"line":26,"column":4},"end":{"line":26,"column":76}},"line":26},"2":{"name":"(anonymous_2)","decl":{"start":{"line":49,"column":29},"end":{"line":49,"column":30}},"loc":{"start":{"line":49,"column":37},"end":{"line":49,"column":39}},"line":49}},"branchMap":{"0":{"loc":{"start":{"line":26,"column":42},"end":{"line":26,"column":62}},"type":"cond-expr","locations":[{"start":{"line":26,"column":56},"end":{"line":26,"column":58}},{"start":{"line":26,"column":61},"end":{"line":26,"column":62}}],"line":26}},"s":{"0":5,"1":5,"2":5,"3":5,"4":15,"5":5,"6":15,"7":5},"f":{"0":5,"1":15,"2":15},"b":{"0":[5,10]},"_coverageSchema":"1a1c01bbd47fc00a2c39e90264f33305004495a9","hash":"b014b664b0fa408402e2ebeadb8af1141a40e2e4"}
,"/home/dunguyen/training/react-native-training/healthy-food/src/components/BackHeader/index.tsx": {"path":"/home/dunguyen/training/react-native-training/healthy-food/src/components/BackHeader/index.tsx","statementMap":{"0":{"start":{"line":9,"column":19},"end":{"line":20,"column":1}},"1":{"start":{"line":10,"column":2},"end":{"line":19,"column":4}},"2":{"start":{"line":24,"column":15},"end":{"line":30,"column":2}}},"fnMap":{"0":{"name":"(anonymous_0)","decl":{"start":{"line":9,"column":19},"end":{"line":9,"column":20}},"loc":{"start":{"line":9,"column":59},"end":{"line":20,"column":1}},"line":9}},"branchMap":{},"s":{"0":4,"1":0,"2":4},"f":{"0":0},"b":{},"_coverageSchema":"1a1c01bbd47fc00a2c39e90264f33305004495a9","hash":"a191fd5f6ec9e77b0452061e4c405dd9bb02251d"}
,"/home/dunguyen/training/react-native-training/healthy-food/src/components/Button/index.tsx": {"path":"/home/dunguyen/training/react-native-training/healthy-food/src/components/Button/index.tsx","statementMap":{"0":{"start":{"line":22,"column":18},"end":{"line":22,"column":20}},"1":{"start":{"line":24,"column":15},"end":{"line":69,"column":1}},"2":{"start":{"line":33,"column":17},"end":{"line":33,"column":35}},"3":{"start":{"line":35,"column":2},"end":{"line":68,"column":4}},"4":{"start":{"line":38,"column":30},"end":{"line":50,"column":7}},"5":{"start":{"line":73,"column":15},"end":{"line":99,"column":2}}},"fnMap":{"0":{"name":"(anonymous_0)","decl":{"start":{"line":24,"column":15},"end":{"line":24,"column":16}},"loc":{"start":{"line":32,"column":19},"end":{"line":69,"column":1}},"line":32},"1":{"name":"(anonymous_1)","decl":{"start":{"line":38,"column":13},"end":{"line":38,"column":14}},"loc":{"start":{"line":38,"column":30},"end":{"line":50,"column":7}},"line":38}},"branchMap":{"0":{"loc":{"start":{"line":26,"column":2},"end":{"line":26,"column":19}},"type":"default-arg","locations":[{"start":{"line":26,"column":14},"end":{"line":26,"column":19}}],"line":26},"1":{"loc":{"start":{"line":28,"column":2},"end":{"line":28,"column":23}},"type":"default-arg","locations":[{"start":{"line":28,"column":12},"end":{"line":28,"column":23}}],"line":28},"2":{"loc":{"start":{"line":30,"column":2},"end":{"line":30,"column":37}},"type":"default-arg","locations":[{"start":{"line":30,"column":20},"end":{"line":30,"column":37}}],"line":30},"3":{"loc":{"start":{"line":41,"column":43},"end":{"line":41,"column":60}},"type":"cond-expr","locations":[{"start":{"line":41,"column":53},"end":{"line":41,"column":56}},{"start":{"line":41,"column":59},"end":{"line":41,"column":60}}],"line":41},"4":{"loc":{"start":{"line":42,"column":8},"end":{"line":48,"column":9}},"type":"binary-expr","locations":[{"start":{"line":42,"column":8},"end":{"line":42,"column":14}},{"start":{"line":42,"column":18},"end":{"line":48,"column":9}}],"line":42},"5":{"loc":{"start":{"line":43,"column":18},"end":{"line":43,"column":36}},"type":"binary-expr","locations":[{"start":{"line":43,"column":18},"end":{"line":43,"column":23}},{"start":{"line":43,"column":27},"end":{"line":43,"column":36}}],"line":43},"6":{"loc":{"start":{"line":44,"column":17},"end":{"line":44,"column":35}},"type":"binary-expr","locations":[{"start":{"line":44,"column":17},"end":{"line":44,"column":22}},{"start":{"line":44,"column":26},"end":{"line":44,"column":35}}],"line":44},"7":{"loc":{"start":{"line":52,"column":16},"end":{"line":52,"column":43}},"type":"binary-expr","locations":[{"start":{"line":52,"column":16},"end":{"line":52,"column":30}},{"start":{"line":52,"column":34},"end":{"line":52,"column":43}}],"line":52},"8":{"loc":{"start":{"line":54,"column":7},"end":{"line":66,"column":7}},"type":"cond-expr","locations":[{"start":{"line":55,"column":8},"end":{"line":59,"column":10}},{"start":{"line":60,"column":10},"end":{"line":66,"column":7}}],"line":54},"9":{"loc":{"start":{"line":60,"column":10},"end":{"line":66,"column":7}},"type":"cond-expr","locations":[{"start":{"line":61,"column":8},"end":{"line":63,"column":15}},{"start":{"line":65,"column":8},"end":{"line":65,"column":16}}],"line":60}},"s":{"0":9,"1":9,"2":29,"3":29,"4":29,"5":9},"f":{"0":29,"1":29},"b":{"0":[28],"1":[24],"2":[6],"3":[0,29],"4":[29,5],"5":[5,0],"6":[5,0],"7":[29,29],"8":[1,28],"9":[3,25]},"_coverageSchema":"1a1c01bbd47fc00a2c39e90264f33305004495a9","hash":"cfa0f05937390440053a567ffe5a68e8ce9133c9"}
,"/home/dunguyen/training/react-native-training/healthy-food/src/components/Categories/CategoryItem.tsx": {"path":"/home/dunguyen/training/react-native-training/healthy-food/src/components/Categories/CategoryItem.tsx","statementMap":{"0":{"start":{"line":19,"column":21},"end":{"line":48,"column":1}},"1":{"start":{"line":28,"column":22},"end":{"line":30,"column":3}},"2":{"start":{"line":29,"column":4},"end":{"line":29,"column":25}},"3":{"start":{"line":32,"column":2},"end":{"line":47,"column":4}},"4":{"start":{"line":52,"column":15},"end":{"line":66,"column":2}}},"fnMap":{"0":{"name":"(anonymous_0)","decl":{"start":{"line":19,"column":21},"end":{"line":19,"column":22}},"loc":{"start":{"line":27,"column":25},"end":{"line":48,"column":1}},"line":27},"1":{"name":"(anonymous_1)","decl":{"start":{"line":28,"column":22},"end":{"line":28,"column":23}},"loc":{"start":{"line":28,"column":28},"end":{"line":30,"column":3}},"line":28}},"branchMap":{"0":{"loc":{"start":{"line":23,"column":2},"end":{"line":23,"column":16}},"type":"default-arg","locations":[{"start":{"line":23,"column":15},"end":{"line":23,"column":16}}],"line":23},"1":{"loc":{"start":{"line":24,"column":2},"end":{"line":24,"column":17}},"type":"default-arg","locations":[{"start":{"line":24,"column":16},"end":{"line":24,"column":17}}],"line":24},"2":{"loc":{"start":{"line":38,"column":8},"end":{"line":38,"column":39}},"type":"binary-expr","locations":[{"start":{"line":38,"column":8},"end":{"line":38,"column":16}},{"start":{"line":38,"column":20},"end":{"line":38,"column":39}}],"line":38},"3":{"loc":{"start":{"line":43,"column":35},"end":{"line":43,"column":68}},"type":"binary-expr","locations":[{"start":{"line":43,"column":35},"end":{"line":43,"column":43}},{"start":{"line":43,"column":47},"end":{"line":43,"column":68}}],"line":43}},"s":{"0":5,"1":48,"2":1,"3":48,"4":5},"f":{"0":48,"1":1},"b":{"0":[0],"1":[0],"2":[48,1],"3":[48,1]},"_coverageSchema":"1a1c01bbd47fc00a2c39e90264f33305004495a9","hash":"94279482366167154c0310550671268314176b25"}
,"/home/dunguyen/training/react-native-training/healthy-food/src/components/Categories/index.tsx": {"path":"/home/dunguyen/training/react-native-training/healthy-food/src/components/Categories/index.tsx","statementMap":{"0":{"start":{"line":13,"column":19},"end":{"line":55,"column":1}},"1":{"start":{"line":18,"column":23},"end":{"line":26,"column":3}},"2":{"start":{"line":19,"column":18},"end":{"line":19,"column":41}},"3":{"start":{"line":21,"column":26},"end":{"line":23,"column":27}},"4":{"start":{"line":22,"column":36},"end":{"line":22,"column":55}},"5":{"start":{"line":25,"column":4},"end":{"line":25,"column":30}},"6":{"start":{"line":28,"column":2},"end":{"line":54,"column":4}},"7":{"start":{"line":37,"column":25},"end":{"line":37,"column":47}},"8":{"start":{"line":39,"column":8},"end":{"line":51,"column":10}},"9":{"start":{"line":59,"column":15},"end":{"line":63,"column":2}}},"fnMap":{"0":{"name":"(anonymous_0)","decl":{"start":{"line":13,"column":19},"end":{"line":13,"column":20}},"loc":{"start":{"line":17,"column":23},"end":{"line":55,"column":1}},"line":17},"1":{"name":"(anonymous_1)","decl":{"start":{"line":18,"column":23},"end":{"line":18,"column":24}},"loc":{"start":{"line":18,"column":43},"end":{"line":26,"column":3}},"line":18},"2":{"name":"(anonymous_2)","decl":{"start":{"line":22,"column":22},"end":{"line":22,"column":23}},"loc":{"start":{"line":22,"column":36},"end":{"line":22,"column":55}},"line":22},"3":{"name":"(anonymous_3)","decl":{"start":{"line":36,"column":19},"end":{"line":36,"column":20}},"loc":{"start":{"line":36,"column":45},"end":{"line":52,"column":7}},"line":36}},"branchMap":{"0":{"loc":{"start":{"line":14,"column":2},"end":{"line":14,"column":14}},"type":"default-arg","locations":[{"start":{"line":14,"column":12},"end":{"line":14,"column":14}}],"line":14},"1":{"loc":{"start":{"line":15,"column":2},"end":{"line":15,"column":13}},"type":"default-arg","locations":[{"start":{"line":15,"column":11},"end":{"line":15,"column":13}}],"line":15},"2":{"loc":{"start":{"line":21,"column":26},"end":{"line":23,"column":27}},"type":"cond-expr","locations":[{"start":{"line":22,"column":8},"end":{"line":22,"column":56}},{"start":{"line":23,"column":8},"end":{"line":23,"column":27}}],"line":21},"3":{"loc":{"start":{"line":43,"column":24},"end":{"line":43,"column":41}},"type":"cond-expr","locations":[{"start":{"line":43,"column":35},"end":{"line":43,"column":37}},{"start":{"line":43,"column":40},"end":{"line":43,"column":41}}],"line":43},"4":{"loc":{"start":{"line":44,"column":25},"end":{"line":44,"column":59}},"type":"cond-expr","locations":[{"start":{"line":44,"column":53},"end":{"line":44,"column":55}},{"start":{"line":44,"column":58},"end":{"line":44,"column":59}}],"line":44}},"s":{"0":5,"1":6,"2":1,"3":1,"4":0,"5":1,"6":6,"7":48,"8":48,"9":5},"f":{"0":6,"1":1,"2":0,"3":48},"b":{"0":[0],"1":[4],"2":[0,1],"3":[6,42],"4":[6,42]},"_coverageSchema":"1a1c01bbd47fc00a2c39e90264f33305004495a9","hash":"d631f80941a8e6747f35498aa5f0f5a3eb1758df"}
,"/home/dunguyen/training/react-native-training/healthy-food/src/components/Container/index.tsx": {"path":"/home/dunguyen/training/react-native-training/healthy-food/src/components/Container/index.tsx","statementMap":{"0":{"start":{"line":6,"column":18},"end":{"line":16,"column":1}},"1":{"start":{"line":11,"column":2},"end":{"line":15,"column":4}},"2":{"start":{"line":20,"column":15},"end":{"line":25,"column":2}}},"fnMap":{"0":{"name":"(anonymous_0)","decl":{"start":{"line":6,"column":18},"end":{"line":6,"column":19}},"loc":{"start":{"line":10,"column":64},"end":{"line":16,"column":1}},"line":10}},"branchMap":{},"s":{"0":4,"1":14,"2":4},"f":{"0":14},"b":{},"_coverageSchema":"1a1c01bbd47fc00a2c39e90264f33305004495a9","hash":"91fefc954333173191fb69f533e6d7fa8c5b3915"}
,"/home/dunguyen/training/react-native-training/healthy-food/src/components/ErrorFallback/index.tsx": {"path":"/home/dunguyen/training/react-native-training/healthy-food/src/components/ErrorFallback/index.tsx","statementMap":{"0":{"start":{"line":3,"column":22},"end":{"line":15,"column":1}},"1":{"start":{"line":10,"column":2},"end":{"line":14,"column":9}},"2":{"start":{"line":19,"column":15},"end":{"line":38,"column":2}}},"fnMap":{"0":{"name":"(anonymous_0)","decl":{"start":{"line":3,"column":22},"end":{"line":3,"column":23}},"loc":{"start":{"line":10,"column":2},"end":{"line":14,"column":9}},"line":10}},"branchMap":{"0":{"loc":{"start":{"line":13,"column":5},"end":{"line":13,"column":62}},"type":"binary-expr","locations":[{"start":{"line":13,"column":5},"end":{"line":13,"column":12}},{"start":{"line":13,"column":16},"end":{"line":13,"column":62}}],"line":13}},"s":{"0":5,"1":4,"2":5},"f":{"0":4},"b":{"0":[4,2]},"_coverageSchema":"1a1c01bbd47fc00a2c39e90264f33305004495a9","hash":"52f7a3e43f5f8ef132a97826c69308de43495a27"}
,"/home/dunguyen/training/react-native-training/healthy-food/src/components/FoodCard/index.tsx": {"path":"/home/dunguyen/training/react-native-training/healthy-food/src/components/FoodCard/index.tsx","statementMap":{"0":{"start":{"line":19,"column":17},"end":{"line":44,"column":1}},"1":{"start":{"line":29,"column":2},"end":{"line":43,"column":4}},"2":{"start":{"line":48,"column":15},"end":{"line":65,"column":2}}},"fnMap":{"0":{"name":"(anonymous_0)","decl":{"start":{"line":19,"column":17},"end":{"line":19,"column":18}},"loc":{"start":{"line":28,"column":21},"end":{"line":44,"column":1}},"line":28}},"branchMap":{},"s":{"0":6,"1":42,"2":6},"f":{"0":42},"b":{},"_coverageSchema":"1a1c01bbd47fc00a2c39e90264f33305004495a9","hash":"f9ae713474b44436aebffdfbd0323187f7e64166"}
,"/home/dunguyen/training/react-native-training/healthy-food/src/components/FoodImage/index.tsx": {"path":"/home/dunguyen/training/react-native-training/healthy-food/src/components/FoodImage/index.tsx","statementMap":{"0":{"start":{"line":16,"column":20},"end":{"line":33,"column":1}},"1":{"start":{"line":35,"column":46},"end":{"line":41,"column":1}},"2":{"start":{"line":43,"column":18},"end":{"line":83,"column":1}},"3":{"start":{"line":48,"column":36},"end":{"line":48,"column":53}},"4":{"start":{"line":49,"column":26},"end":{"line":49,"column":63}},"5":{"start":{"line":51,"column":2},"end":{"line":82,"column":4}},"6":{"start":{"line":87,"column":15},"end":{"line":110,"column":2}}},"fnMap":{"0":{"name":"(anonymous_0)","decl":{"start":{"line":43,"column":18},"end":{"line":43,"column":19}},"loc":{"start":{"line":47,"column":66},"end":{"line":83,"column":1}},"line":47}},"branchMap":{"0":{"loc":{"start":{"line":46,"column":2},"end":{"line":46,"column":29}},"type":"default-arg","locations":[{"start":{"line":46,"column":9},"end":{"line":46,"column":29}}],"line":46},"1":{"loc":{"start":{"line":49,"column":26},"end":{"line":49,"column":63}},"type":"binary-expr","locations":[{"start":{"line":49,"column":26},"end":{"line":49,"column":46}},{"start":{"line":49,"column":50},"end":{"line":49,"column":63}}],"line":49},"2":{"loc":{"start":{"line":74,"column":18},"end":{"line":74,"column":41}},"type":"binary-expr","locations":[{"start":{"line":74,"column":18},"end":{"line":74,"column":24}},{"start":{"line":74,"column":28},"end":{"line":74,"column":41}}],"line":74}},"s":{"0":8,"1":8,"2":8,"3":50,"4":50,"5":50,"6":8},"f":{"0":50},"b":{"0":[1],"1":[50,1],"2":[50,2]},"_coverageSchema":"1a1c01bbd47fc00a2c39e90264f33305004495a9","hash":"05857dfea3b2890b3cb82875950d8d5b1ab6ee52"}
,"/home/dunguyen/training/react-native-training/healthy-food/src/components/FoodInfo/index.tsx": {"path":"/home/dunguyen/training/react-native-training/healthy-food/src/components/FoodInfo/index.tsx","statementMap":{"0":{"start":{"line":25,"column":17},"end":{"line":109,"column":1}},"1":{"start":{"line":35,"column":4},"end":{"line":35,"column":79}},"2":{"start":{"line":35,"column":42},"end":{"line":35,"column":59}},"3":{"start":{"line":37,"column":2},"end":{"line":108,"column":4}},"4":{"start":{"line":52,"column":18},"end":{"line":61,"column":21}},"5":{"start":{"line":71,"column":35},"end":{"line":73,"column":39}},"6":{"start":{"line":74,"column":12},"end":{"line":103,"column":14}},"7":{"start":{"line":93,"column":20},"end":{"line":99,"column":27}},"8":{"start":{"line":113,"column":15},"end":{"line":139,"column":2}}},"fnMap":{"0":{"name":"(anonymous_0)","decl":{"start":{"line":25,"column":17},"end":{"line":25,"column":18}},"loc":{"start":{"line":33,"column":21},"end":{"line":109,"column":1}},"line":33},"1":{"name":"(anonymous_1)","decl":{"start":{"line":35,"column":20},"end":{"line":35,"column":21}},"loc":{"start":{"line":35,"column":42},"end":{"line":35,"column":59}},"line":35},"2":{"name":"(anonymous_2)","decl":{"start":{"line":51,"column":17},"end":{"line":51,"column":18}},"loc":{"start":{"line":52,"column":18},"end":{"line":61,"column":21}},"line":52},"3":{"name":"(anonymous_3)","decl":{"start":{"line":70,"column":11},"end":{"line":70,"column":12}},"loc":{"start":{"line":70,"column":37},"end":{"line":104,"column":11}},"line":70},"4":{"name":"(anonymous_4)","decl":{"start":{"line":92,"column":38},"end":{"line":92,"column":39}},"loc":{"start":{"line":93,"column":20},"end":{"line":99,"column":27}},"line":93}},"branchMap":{"0":{"loc":{"start":{"line":35,"column":4},"end":{"line":35,"column":79}},"type":"binary-expr","locations":[{"start":{"line":35,"column":4},"end":{"line":35,"column":66}},{"start":{"line":35,"column":70},"end":{"line":35,"column":79}}],"line":35},"1":{"loc":{"start":{"line":49,"column":13},"end":{"line":66,"column":13}},"type":"cond-expr","locations":[{"start":{"line":50,"column":14},"end":{"line":63,"column":23}},{"start":{"line":65,"column":14},"end":{"line":65,"column":18}}],"line":49},"2":{"loc":{"start":{"line":53,"column":21},"end":{"line":53,"column":69}},"type":"cond-expr","locations":[{"start":{"line":53,"column":32},"end":{"line":53,"column":36}},{"start":{"line":53,"column":39},"end":{"line":53,"column":69}}],"line":53},"3":{"loc":{"start":{"line":59,"column":23},"end":{"line":59,"column":65}},"type":"cond-expr","locations":[{"start":{"line":59,"column":34},"end":{"line":59,"column":48}},{"start":{"line":59,"column":51},"end":{"line":59,"column":65}}],"line":59},"4":{"loc":{"start":{"line":71,"column":35},"end":{"line":73,"column":39}},"type":"cond-expr","locations":[{"start":{"line":72,"column":16},"end":{"line":72,"column":27}},{"start":{"line":73,"column":16},"end":{"line":73,"column":39}}],"line":71},"5":{"loc":{"start":{"line":88,"column":21},"end":{"line":88,"column":59}},"type":"cond-expr","locations":[{"start":{"line":88,"column":32},"end":{"line":88,"column":45}},{"start":{"line":88,"column":48},"end":{"line":88,"column":59}}],"line":88}},"s":{"0":5,"1":4,"2":4,"3":4,"4":6,"5":6,"6":6,"7":13,"8":5},"f":{"0":4,"1":4,"2":6,"3":6,"4":13},"b":{"0":[4,0],"1":[4,0],"2":[1,5],"3":[1,5],"4":[1,5],"5":[1,5]},"_coverageSchema":"1a1c01bbd47fc00a2c39e90264f33305004495a9","hash":"bfa2870031c117fb99d9f48c27ad844ccd5fed5f"}
,"/home/dunguyen/training/react-native-training/healthy-food/src/components/FoodList/index.tsx": {"path":"/home/dunguyen/training/react-native-training/healthy-food/src/components/FoodList/index.tsx","statementMap":{"0":{"start":{"line":19,"column":17},"end":{"line":76,"column":1}},"1":{"start":{"line":26,"column":4},"end":{"line":26,"column":76}},"2":{"start":{"line":28,"column":21},"end":{"line":44,"column":3}},"3":{"start":{"line":29,"column":61},"end":{"line":29,"column":65}},"4":{"start":{"line":30,"column":4},"end":{"line":43,"column":6}},"5":{"start":{"line":39,"column":10},"end":{"line":39,"column":42}},"6":{"start":{"line":46,"column":23},"end":{"line":46,"column":47}},"7":{"start":{"line":46,"column":40},"end":{"line":46,"column":47}},"8":{"start":{"line":48,"column":18},"end":{"line":48,"column":31}},"9":{"start":{"line":50,"column":2},"end":{"line":75,"column":4}},"10":{"start":{"line":78,"column":15},"end":{"line":96,"column":2}}},"fnMap":{"0":{"name":"(anonymous_0)","decl":{"start":{"line":19,"column":17},"end":{"line":19,"column":18}},"loc":{"start":{"line":24,"column":21},"end":{"line":76,"column":1}},"line":24},"1":{"name":"(anonymous_1)","decl":{"start":{"line":28,"column":21},"end":{"line":28,"column":22}},"loc":{"start":{"line":28,"column":74},"end":{"line":44,"column":3}},"line":28},"2":{"name":"(anonymous_2)","decl":{"start":{"line":38,"column":17},"end":{"line":38,"column":18}},"loc":{"start":{"line":38,"column":23},"end":{"line":40,"column":9}},"line":38},"3":{"name":"(anonymous_3)","decl":{"start":{"line":46,"column":23},"end":{"line":46,"column":24}},"loc":{"start":{"line":46,"column":40},"end":{"line":46,"column":47}},"line":46}},"branchMap":{"0":{"loc":{"start":{"line":22,"column":2},"end":{"line":22,"column":28}},"type":"default-arg","locations":[{"start":{"line":22,"column":24},"end":{"line":22,"column":28}}],"line":22},"1":{"loc":{"start":{"line":41,"column":20},"end":{"line":41,"column":54}},"type":"cond-expr","locations":[{"start":{"line":41,"column":48},"end":{"line":41,"column":50}},{"start":{"line":41,"column":53},"end":{"line":41,"column":54}}],"line":41},"2":{"loc":{"start":{"line":41,"column":20},"end":{"line":41,"column":45}},"type":"binary-expr","locations":[{"start":{"line":41,"column":20},"end":{"line":41,"column":30}},{"start":{"line":41,"column":34},"end":{"line":41,"column":45}}],"line":41},"3":{"loc":{"start":{"line":61,"column":8},"end":{"line":61,"column":64}},"type":"cond-expr","locations":[{"start":{"line":61,"column":21},"end":{"line":61,"column":42}},{"start":{"line":61,"column":45},"end":{"line":61,"column":64}}],"line":61},"4":{"loc":{"start":{"line":62,"column":8},"end":{"line":62,"column":35}},"type":"binary-expr","locations":[{"start":{"line":62,"column":8},"end":{"line":62,"column":15}},{"start":{"line":62,"column":19},"end":{"line":62,"column":35}}],"line":62},"5":{"loc":{"start":{"line":64,"column":18},"end":{"line":64,"column":44}},"type":"cond-expr","locations":[{"start":{"line":64,"column":31},"end":{"line":64,"column":40}},{"start":{"line":64,"column":43},"end":{"line":64,"column":44}}],"line":64},"6":{"loc":{"start":{"line":65,"column":26},"end":{"line":65,"column":71}},"type":"cond-expr","locations":[{"start":{"line":65,"column":39},"end":{"line":65,"column":43}},{"start":{"line":65,"column":46},"end":{"line":65,"column":71}}],"line":65},"7":{"loc":{"start":{"line":71,"column":27},"end":{"line":71,"column":66}},"type":"cond-expr","locations":[{"start":{"line":71,"column":40},"end":{"line":71,"column":44}},{"start":{"line":71,"column":47},"end":{"line":71,"column":66}}],"line":71}},"s":{"0":5,"1":5,"2":5,"3":40,"4":40,"5":0,"6":5,"7":48,"8":5,"9":5,"10":5},"f":{"0":5,"1":40,"2":0,"3":48},"b":{"0":[5],"1":[2,38],"2":[40,16],"3":[2,3],"4":[5,0],"5":[2,3],"6":[2,3],"7":[2,3]},"_coverageSchema":"1a1c01bbd47fc00a2c39e90264f33305004495a9","hash":"36b1625901bfd48837d26c2c56d62b6f48c4f090"}
,"/home/dunguyen/training/react-native-training/healthy-food/src/components/Header/index.tsx": {"path":"/home/dunguyen/training/react-native-training/healthy-food/src/components/Header/index.tsx","statementMap":{"0":{"start":{"line":12,"column":15},"end":{"line":26,"column":1}},"1":{"start":{"line":13,"column":2},"end":{"line":25,"column":4}},"2":{"start":{"line":30,"column":15},"end":{"line":47,"column":2}}},"fnMap":{"0":{"name":"(anonymous_0)","decl":{"start":{"line":12,"column":15},"end":{"line":12,"column":16}},"loc":{"start":{"line":12,"column":21},"end":{"line":26,"column":1}},"line":12}},"branchMap":{},"s":{"0":5,"1":3,"2":5},"f":{"0":3},"b":{},"_coverageSchema":"1a1c01bbd47fc00a2c39e90264f33305004495a9","hash":"8ad2e178dbb785cefbaaff083cd63e5c0cd5332b"}
,"/home/dunguyen/training/react-native-training/healthy-food/src/components/Loading/index.tsx": {"path":"/home/dunguyen/training/react-native-training/healthy-food/src/components/Loading/index.tsx","statementMap":{"0":{"start":{"line":5,"column":16},"end":{"line":42,"column":1}},"1":{"start":{"line":12,"column":19},"end":{"line":12,"column":40}},"2":{"start":{"line":14,"column":2},"end":{"line":21,"column":12}},"3":{"start":{"line":23,"column":15},"end":{"line":26,"column":4}},"4":{"start":{"line":28,"column":2},"end":{"line":41,"column":4}},"5":{"start":{"line":46,"column":15},"end":{"line":53,"column":2}}},"fnMap":{"0":{"name":"(anonymous_0)","decl":{"start":{"line":5,"column":16},"end":{"line":5,"column":17}},"loc":{"start":{"line":11,"column":6},"end":{"line":42,"column":1}},"line":11}},"branchMap":{"0":{"loc":{"start":{"line":33,"column":8},"end":{"line":33,"column":66}},"type":"binary-expr","locations":[{"start":{"line":33,"column":8},"end":{"line":33,"column":18}},{"start":{"line":33,"column":22},"end":{"line":33,"column":66}}],"line":33}},"s":{"0":5,"1":3,"2":3,"3":3,"4":3,"5":5},"f":{"0":3},"b":{"0":[3,1]},"_coverageSchema":"1a1c01bbd47fc00a2c39e90264f33305004495a9","hash":"f34981f436135342ae5648139b9e36682caf3dc5"}
,"/home/dunguyen/training/react-native-training/healthy-food/src/components/Logo/index.tsx": {"path":"/home/dunguyen/training/react-native-training/healthy-food/src/components/Logo/index.tsx","statementMap":{"0":{"start":{"line":7,"column":13},"end":{"line":7,"column":71}},"1":{"start":{"line":7,"column":19},"end":{"line":7,"column":71}},"2":{"start":{"line":9,"column":15},"end":{"line":14,"column":2}}},"fnMap":{"0":{"name":"(anonymous_0)","decl":{"start":{"line":7,"column":13},"end":{"line":7,"column":14}},"loc":{"start":{"line":7,"column":19},"end":{"line":7,"column":71}},"line":7}},"branchMap":{},"s":{"0":5,"1":3,"2":5},"f":{"0":3},"b":{},"_coverageSchema":"1a1c01bbd47fc00a2c39e90264f33305004495a9","hash":"704d1dde97fcfc84dc6deee6bb8ecc1045e96266"}
,"/home/dunguyen/training/react-native-training/healthy-food/src/components/NotFound/index.tsx": {"path":"/home/dunguyen/training/react-native-training/healthy-food/src/components/NotFound/index.tsx","statementMap":{"0":{"start":{"line":11,"column":34},"end":{"line":11,"column":106}},"1":{"start":{"line":12,"column":28},"end":{"line":12,"column":43}},"2":{"start":{"line":14,"column":17},"end":{"line":47,"column":1}},"3":{"start":{"line":29,"column":2},"end":{"line":46,"column":4}},"4":{"start":{"line":51,"column":15},"end":{"line":72,"column":2}}},"fnMap":{"0":{"name":"(anonymous_0)","decl":{"start":{"line":14,"column":17},"end":{"line":14,"column":18}},"loc":{"start":{"line":28,"column":6},"end":{"line":47,"column":1}},"line":28}},"branchMap":{"0":{"loc":{"start":{"line":15,"column":2},"end":{"line":15,"column":41}},"type":"default-arg","locations":[{"start":{"line":15,"column":16},"end":{"line":15,"column":41}}],"line":15},"1":{"loc":{"start":{"line":16,"column":2},"end":{"line":22,"column":3}},"type":"default-arg","locations":[{"start":{"line":17,"column":4},"end":{"line":21,"column":6}}],"line":16},"2":{"loc":{"start":{"line":23,"column":2},"end":{"line":23,"column":29}},"type":"default-arg","locations":[{"start":{"line":23,"column":10},"end":{"line":23,"column":29}}],"line":23}},"s":{"0":5,"1":5,"2":5,"3":4,"4":5},"f":{"0":4},"b":{"0":[3],"1":[3],"2":[3]},"_coverageSchema":"1a1c01bbd47fc00a2c39e90264f33305004495a9","hash":"b60ff5e4f8d09a04cbec47b7f8884ce5453ec72f"}
,"/home/dunguyen/training/react-native-training/healthy-food/src/components/Nutritional/index.tsx": {"path":"/home/dunguyen/training/react-native-training/healthy-food/src/components/Nutritional/index.tsx","statementMap":{"0":{"start":{"line":9,"column":20},"end":{"line":31,"column":1}},"1":{"start":{"line":10,"column":26},"end":{"line":13,"column":5}},"2":{"start":{"line":10,"column":79},"end":{"line":13,"column":3}},"3":{"start":{"line":15,"column":2},"end":{"line":30,"column":4}},"4":{"start":{"line":18,"column":8},"end":{"line":27,"column":15}},"5":{"start":{"line":35,"column":15},"end":{"line":44,"column":2}}},"fnMap":{"0":{"name":"(anonymous_0)","decl":{"start":{"line":9,"column":20},"end":{"line":9,"column":21}},"loc":{"start":{"line":9,"column":72},"end":{"line":31,"column":1}},"line":9},"1":{"name":"(anonymous_1)","decl":{"start":{"line":10,"column":58},"end":{"line":10,"column":59}},"loc":{"start":{"line":10,"column":79},"end":{"line":13,"column":3}},"line":10},"2":{"name":"(anonymous_2)","decl":{"start":{"line":17,"column":27},"end":{"line":17,"column":28}},"loc":{"start":{"line":18,"column":8},"end":{"line":27,"column":15}},"line":18}},"branchMap":{},"s":{"0":6,"1":5,"2":20,"3":5,"4":20,"5":6},"f":{"0":5,"1":20,"2":20},"b":{},"_coverageSchema":"1a1c01bbd47fc00a2c39e90264f33305004495a9","hash":"fd97b25c655c7c2a21760ae49adcf7d80238bae8"}
,"/home/dunguyen/training/react-native-training/healthy-food/src/components/SearchInput/index.tsx": {"path":"/home/dunguyen/training/react-native-training/healthy-food/src/components/SearchInput/index.tsx","statementMap":{"0":{"start":{"line":20,"column":20},"end":{"line":72,"column":1}},"1":{"start":{"line":24,"column":19},"end":{"line":24,"column":42}},"2":{"start":{"line":26,"column":2},"end":{"line":35,"column":4}},"3":{"start":{"line":28,"column":11},"end":{"line":33,"column":5}},"4":{"start":{"line":29,"column":19},"end":{"line":29,"column":44}},"5":{"start":{"line":31,"column":8},"end":{"line":31,"column":41}},"6":{"start":{"line":37,"column":30},"end":{"line":39,"column":9}},"7":{"start":{"line":38,"column":4},"end":{"line":38,"column":22}},"8":{"start":{"line":41,"column":22},"end":{"line":44,"column":3}},"9":{"start":{"line":42,"column":4},"end":{"line":42,"column":19}},"10":{"start":{"line":43,"column":4},"end":{"line":43,"column":30}},"11":{"start":{"line":46,"column":2},"end":{"line":71,"column":4}},"12":{"start":{"line":76,"column":15},"end":{"line":105,"column":2}}},"fnMap":{"0":{"name":"(anonymous_0)","decl":{"start":{"line":20,"column":20},"end":{"line":20,"column":21}},"loc":{"start":{"line":23,"column":5},"end":{"line":72,"column":1}},"line":23},"1":{"name":"(anonymous_1)","decl":{"start":{"line":28,"column":4},"end":{"line":28,"column":5}},"loc":{"start":{"line":28,"column":11},"end":{"line":33,"column":5}},"line":28},"2":{"name":"(anonymous_2)","decl":{"start":{"line":29,"column":13},"end":{"line":29,"column":14}},"loc":{"start":{"line":29,"column":19},"end":{"line":29,"column":44}},"line":29},"3":{"name":"(anonymous_3)","decl":{"start":{"line":30,"column":13},"end":{"line":30,"column":14}},"loc":{"start":{"line":30,"column":19},"end":{"line":32,"column":7}},"line":30},"4":{"name":"(anonymous_4)","decl":{"start":{"line":37,"column":39},"end":{"line":37,"column":40}},"loc":{"start":{"line":37,"column":58},"end":{"line":39,"column":3}},"line":37},"5":{"name":"(anonymous_5)","decl":{"start":{"line":41,"column":22},"end":{"line":41,"column":23}},"loc":{"start":{"line":41,"column":28},"end":{"line":44,"column":3}},"line":41}},"branchMap":{"0":{"loc":{"start":{"line":58,"column":7},"end":{"line":69,"column":7}},"type":"binary-expr","locations":[{"start":{"line":58,"column":7},"end":{"line":58,"column":12}},{"start":{"line":59,"column":8},"end":{"line":68,"column":17}}],"line":58}},"s":{"0":5,"1":10,"2":10,"3":3,"4":1,"5":1,"6":10,"7":2,"8":10,"9":1,"10":1,"11":10,"12":5},"f":{"0":10,"1":3,"2":1,"3":1,"4":2,"5":1},"b":{"0":[10,1]},"_coverageSchema":"1a1c01bbd47fc00a2c39e90264f33305004495a9","hash":"76b770d25ba4e1ef84d5e2609081493039091931"}
,"/home/dunguyen/training/react-native-training/healthy-food/src/components/Skeleton/DetailScreen.tsx": {"path":"/home/dunguyen/training/react-native-training/healthy-food/src/components/Skeleton/DetailScreen.tsx","statementMap":{"0":{"start":{"line":10,"column":23},"end":{"line":38,"column":1}},"1":{"start":{"line":11,"column":2},"end":{"line":37,"column":4}},"2":{"start":{"line":25,"column":12},"end":{"line":25,"column":72}},"3":{"start":{"line":42,"column":15},"end":{"line":51,"column":2}}},"fnMap":{"0":{"name":"(anonymous_0)","decl":{"start":{"line":10,"column":23},"end":{"line":10,"column":24}},"loc":{"start":{"line":10,"column":29},"end":{"line":38,"column":1}},"line":10},"1":{"name":"(anonymous_1)","decl":{"start":{"line":24,"column":24},"end":{"line":24,"column":25}},"loc":{"start":{"line":25,"column":12},"end":{"line":25,"column":72}},"line":25}},"branchMap":{},"s":{"0":4,"1":1,"2":4,"3":4},"f":{"0":1,"1":4},"b":{},"_coverageSchema":"1a1c01bbd47fc00a2c39e90264f33305004495a9","hash":"e15095765da70a70ef6cda767cf5fad474fd7480"}
,"/home/dunguyen/training/react-native-training/healthy-food/src/components/Skeleton/FavoriteScreen.tsx": {"path":"/home/dunguyen/training/react-native-training/healthy-food/src/components/Skeleton/FavoriteScreen.tsx","statementMap":{"0":{"start":{"line":8,"column":31},"end":{"line":15,"column":1}},"1":{"start":{"line":9,"column":2},"end":{"line":14,"column":4}},"2":{"start":{"line":19,"column":15},"end":{"line":27,"column":2}}},"fnMap":{"0":{"name":"(anonymous_0)","decl":{"start":{"line":8,"column":31},"end":{"line":8,"column":32}},"loc":{"start":{"line":8,"column":37},"end":{"line":15,"column":1}},"line":8}},"branchMap":{},"s":{"0":4,"1":0,"2":4},"f":{"0":0},"b":{},"_coverageSchema":"1a1c01bbd47fc00a2c39e90264f33305004495a9","hash":"2359ade286926186811f7af7ce4315f5c084c93f"}
,"/home/dunguyen/training/react-native-training/healthy-food/src/components/Skeleton/Filter.tsx": {"path":"/home/dunguyen/training/react-native-training/healthy-food/src/components/Skeleton/Filter.tsx","statementMap":{"0":{"start":{"line":7,"column":24},"end":{"line":15,"column":1}},"1":{"start":{"line":8,"column":2},"end":{"line":14,"column":4}},"2":{"start":{"line":11,"column":8},"end":{"line":11,"column":53}},"3":{"start":{"line":19,"column":15},"end":{"line":24,"column":2}}},"fnMap":{"0":{"name":"(anonymous_0)","decl":{"start":{"line":7,"column":24},"end":{"line":7,"column":25}},"loc":{"start":{"line":7,"column":30},"end":{"line":15,"column":1}},"line":7},"1":{"name":"(anonymous_1)","decl":{"start":{"line":10,"column":20},"end":{"line":10,"column":21}},"loc":{"start":{"line":11,"column":8},"end":{"line":11,"column":53}},"line":11}},"branchMap":{},"s":{"0":4,"1":0,"2":0,"3":4},"f":{"0":0,"1":0},"b":{},"_coverageSchema":"1a1c01bbd47fc00a2c39e90264f33305004495a9","hash":"bd0cf304e0cffa23a91c9562e88419b066c5347c"}
,"/home/dunguyen/training/react-native-training/healthy-food/src/components/Skeleton/FoodCard.tsx": {"path":"/home/dunguyen/training/react-native-training/healthy-food/src/components/Skeleton/FoodCard.tsx","statementMap":{"0":{"start":{"line":7,"column":25},"end":{"line":15,"column":1}},"1":{"start":{"line":8,"column":2},"end":{"line":14,"column":4}},"2":{"start":{"line":17,"column":15},"end":{"line":40,"column":2}}},"fnMap":{"0":{"name":"(anonymous_0)","decl":{"start":{"line":7,"column":25},"end":{"line":7,"column":26}},"loc":{"start":{"line":7,"column":31},"end":{"line":15,"column":1}},"line":7}},"branchMap":{},"s":{"0":4,"1":11,"2":4},"f":{"0":11},"b":{},"_coverageSchema":"1a1c01bbd47fc00a2c39e90264f33305004495a9","hash":"fdfa312a68b0c73ef6d43366f9f4e39df7f33215"}
,"/home/dunguyen/training/react-native-training/healthy-food/src/components/Skeleton/HomeScreen.tsx": {"path":"/home/dunguyen/training/react-native-training/healthy-food/src/components/Skeleton/HomeScreen.tsx","statementMap":{"0":{"start":{"line":12,"column":21},"end":{"line":34,"column":1}},"1":{"start":{"line":13,"column":2},"end":{"line":33,"column":4}},"2":{"start":{"line":19,"column":10},"end":{"line":19,"column":57}},"3":{"start":{"line":25,"column":10},"end":{"line":25,"column":54}},"4":{"start":{"line":38,"column":15},"end":{"line":59,"column":2}}},"fnMap":{"0":{"name":"(anonymous_0)","decl":{"start":{"line":12,"column":21},"end":{"line":12,"column":22}},"loc":{"start":{"line":12,"column":27},"end":{"line":34,"column":1}},"line":12},"1":{"name":"(anonymous_1)","decl":{"start":{"line":18,"column":22},"end":{"line":18,"column":23}},"loc":{"start":{"line":19,"column":10},"end":{"line":19,"column":57}},"line":19},"2":{"name":"(anonymous_2)","decl":{"start":{"line":24,"column":22},"end":{"line":24,"column":23}},"loc":{"start":{"line":25,"column":10},"end":{"line":25,"column":54}},"line":25}},"branchMap":{},"s":{"0":4,"1":0,"2":0,"3":0,"4":4},"f":{"0":0,"1":0,"2":0},"b":{},"_coverageSchema":"1a1c01bbd47fc00a2c39e90264f33305004495a9","hash":"5a0f9cd1e59f4713fe3d622c422a069274f7c9b9"}
,"/home/dunguyen/training/react-native-training/healthy-food/src/components/Skeleton/HorizontalFoodList.tsx": {"path":"/home/dunguyen/training/react-native-training/healthy-food/src/components/Skeleton/HorizontalFoodList.tsx","statementMap":{"0":{"start":{"line":6,"column":35},"end":{"line":14,"column":1}},"1":{"start":{"line":7,"column":2},"end":{"line":13,"column":4}},"2":{"start":{"line":10,"column":8},"end":{"line":10,"column":38}}},"fnMap":{"0":{"name":"(anonymous_0)","decl":{"start":{"line":6,"column":35},"end":{"line":6,"column":36}},"loc":{"start":{"line":6,"column":76},"end":{"line":14,"column":1}},"line":6},"1":{"name":"(anonymous_1)","decl":{"start":{"line":9,"column":25},"end":{"line":9,"column":26}},"loc":{"start":{"line":10,"column":8},"end":{"line":10,"column":38}},"line":10}},"branchMap":{"0":{"loc":{"start":{"line":6,"column":38},"end":{"line":6,"column":48}},"type":"default-arg","locations":[{"start":{"line":6,"column":47},"end":{"line":6,"column":48}}],"line":6}},"s":{"0":4,"1":1,"2":3},"f":{"0":1,"1":3},"b":{"0":[1]},"_coverageSchema":"1a1c01bbd47fc00a2c39e90264f33305004495a9","hash":"754ba195c2f2753585ccfd15b0498c0a00d0c1be"}
,"/home/dunguyen/training/react-native-training/healthy-food/src/components/Skeleton/SearchInput.tsx": {"path":"/home/dunguyen/training/react-native-training/healthy-food/src/components/Skeleton/SearchInput.tsx","statementMap":{"0":{"start":{"line":5,"column":28},"end":{"line":7,"column":1}},"1":{"start":{"line":6,"column":2},"end":{"line":6,"column":66}},"2":{"start":{"line":11,"column":15},"end":{"line":15,"column":2}}},"fnMap":{"0":{"name":"(anonymous_0)","decl":{"start":{"line":5,"column":28},"end":{"line":5,"column":29}},"loc":{"start":{"line":5,"column":34},"end":{"line":7,"column":1}},"line":5}},"branchMap":{},"s":{"0":4,"1":0,"2":4},"f":{"0":0},"b":{},"_coverageSchema":"1a1c01bbd47fc00a2c39e90264f33305004495a9","hash":"ac58ac95efcd179d98194f9196e9727061c453d8"}
,"/home/dunguyen/training/react-native-training/healthy-food/src/components/Skeleton/SearchScreen.tsx": {"path":"/home/dunguyen/training/react-native-training/healthy-food/src/components/Skeleton/SearchScreen.tsx","statementMap":{"0":{"start":{"line":9,"column":29},"end":{"line":19,"column":1}},"1":{"start":{"line":10,"column":2},"end":{"line":18,"column":4}},"2":{"start":{"line":23,"column":15},"end":{"line":33,"column":2}}},"fnMap":{"0":{"name":"(anonymous_0)","decl":{"start":{"line":9,"column":29},"end":{"line":9,"column":30}},"loc":{"start":{"line":9,"column":35},"end":{"line":19,"column":1}},"line":9}},"branchMap":{},"s":{"0":4,"1":0,"2":4},"f":{"0":0},"b":{},"_coverageSchema":"1a1c01bbd47fc00a2c39e90264f33305004495a9","hash":"5a6b965c4f13e95106f37df47bb5c36c1e5e5cf6"}
,"/home/dunguyen/training/react-native-training/healthy-food/src/components/Skeleton/Skeleton.tsx": {"path":"/home/dunguyen/training/react-native-training/healthy-food/src/components/Skeleton/Skeleton.tsx","statementMap":{"0":{"start":{"line":10,"column":27},"end":{"line":10,"column":67}},"1":{"start":{"line":12,"column":17},"end":{"line":22,"column":1}},"2":{"start":{"line":13,"column":2},"end":{"line":21,"column":4}},"3":{"start":{"line":24,"column":15},"end":{"line":28,"column":2}}},"fnMap":{"0":{"name":"(anonymous_0)","decl":{"start":{"line":12,"column":17},"end":{"line":12,"column":18}},"loc":{"start":{"line":12,"column":74},"end":{"line":22,"column":1}},"line":12}},"branchMap":{},"s":{"0":4,"1":4,"2":40,"3":4},"f":{"0":40},"b":{},"_coverageSchema":"1a1c01bbd47fc00a2c39e90264f33305004495a9","hash":"6e20857512e3a38d3c29f1034a015fd0965a4b4e"}
,"/home/dunguyen/training/react-native-training/healthy-food/src/components/Skeleton/VerticalFoodList.tsx": {"path":"/home/dunguyen/training/react-native-training/healthy-food/src/components/Skeleton/VerticalFoodList.tsx","statementMap":{"0":{"start":{"line":7,"column":33},"end":{"line":20,"column":1}},"1":{"start":{"line":13,"column":2},"end":{"line":19,"column":4}},"2":{"start":{"line":16,"column":8},"end":{"line":16,"column":38}},"3":{"start":{"line":24,"column":15},"end":{"line":31,"column":2}}},"fnMap":{"0":{"name":"(anonymous_0)","decl":{"start":{"line":7,"column":33},"end":{"line":7,"column":34}},"loc":{"start":{"line":12,"column":18},"end":{"line":20,"column":1}},"line":12},"1":{"name":"(anonymous_1)","decl":{"start":{"line":15,"column":25},"end":{"line":15,"column":26}},"loc":{"start":{"line":16,"column":8},"end":{"line":16,"column":38}},"line":16}},"branchMap":{"0":{"loc":{"start":{"line":8,"column":2},"end":{"line":8,"column":12}},"type":"default-arg","locations":[{"start":{"line":8,"column":11},"end":{"line":8,"column":12}}],"line":8}},"s":{"0":4,"1":1,"2":6,"3":4},"f":{"0":1,"1":6},"b":{"0":[1]},"_coverageSchema":"1a1c01bbd47fc00a2c39e90264f33305004495a9","hash":"6a316d4ec5fa186f429a093eaef46172290de105"}
,"/home/dunguyen/training/react-native-training/healthy-food/src/components/Skeleton/index.ts": {"path":"/home/dunguyen/training/react-native-training/healthy-food/src/components/Skeleton/index.ts","statementMap":{},"fnMap":{},"branchMap":{},"s":{},"f":{},"b":{},"_coverageSchema":"1a1c01bbd47fc00a2c39e90264f33305004495a9","hash":"266b52e2bff8837d9a40038b1fbe92ead1a59788"}
,"/home/dunguyen/training/react-native-training/healthy-food/src/components/TabIcon/index.tsx": {"path":"/home/dunguyen/training/react-native-training/healthy-food/src/components/TabIcon/index.tsx","statementMap":{"0":{"start":{"line":12,"column":16},"end":{"line":37,"column":1}},"1":{"start":{"line":19,"column":63},"end":{"line":23,"column":3}},"2":{"start":{"line":25,"column":15},"end":{"line":25,"column":34}},"3":{"start":{"line":27,"column":2},"end":{"line":27,"column":25}},"4":{"start":{"line":27,"column":13},"end":{"line":27,"column":25}},"5":{"start":{"line":29,"column":2},"end":{"line":36,"column":4}},"6":{"start":{"line":39,"column":15},"end":{"line":44,"column":2}}},"fnMap":{"0":{"name":"(anonymous_0)","decl":{"start":{"line":12,"column":16},"end":{"line":12,"column":17}},"loc":{"start":{"line":18,"column":6},"end":{"line":37,"column":1}},"line":18}},"branchMap":{"0":{"loc":{"start":{"line":20,"column":23},"end":{"line":20,"column":75}},"type":"cond-expr","locations":[{"start":{"line":20,"column":33},"end":{"line":20,"column":55}},{"start":{"line":20,"column":58},"end":{"line":20,"column":75}}],"line":20},"1":{"loc":{"start":{"line":21,"column":19},"end":{"line":21,"column":63}},"type":"cond-expr","locations":[{"start":{"line":21,"column":29},"end":{"line":21,"column":47}},{"start":{"line":21,"column":50},"end":{"line":21,"column":63}}],"line":21},"2":{"loc":{"start":{"line":22,"column":21},"end":{"line":22,"column":79}},"type":"cond-expr","locations":[{"start":{"line":22,"column":31},"end":{"line":22,"column":56}},{"start":{"line":22,"column":59},"end":{"line":22,"column":79}}],"line":22},"3":{"loc":{"start":{"line":27,"column":2},"end":{"line":27,"column":25}},"type":"if","locations":[{"start":{"line":27,"column":2},"end":{"line":27,"column":25}},{"start":{},"end":{}}],"line":27}},"s":{"0":5,"1":8,"2":8,"3":8,"4":1,"5":7,"6":5},"f":{"0":8},"b":{"0":[5,3],"1":[5,3],"2":[5,3],"3":[1,7]},"_coverageSchema":"1a1c01bbd47fc00a2c39e90264f33305004495a9","hash":"465260ef73df592fc2d18c37b000101e0ebca1d9"}
,"/home/dunguyen/training/react-native-training/healthy-food/src/components/Text/index.tsx": {"path":"/home/dunguyen/training/react-native-training/healthy-food/src/components/Text/index.tsx","statementMap":{"0":{"start":{"line":10,"column":51},"end":{"line":15,"column":1}},"1":{"start":{"line":23,"column":13},"end":{"line":41,"column":1}},"2":{"start":{"line":31,"column":4},"end":{"line":31,"column":65}},"3":{"start":{"line":33,"column":22},"end":{"line":38,"column":4}},"4":{"start":{"line":40,"column":2},"end":{"line":40,"column":51}},"5":{"start":{"line":43,"column":15},"end":{"line":139,"column":2}}},"fnMap":{"0":{"name":"(anonymous_0)","decl":{"start":{"line":23,"column":13},"end":{"line":23,"column":14}},"loc":{"start":{"line":29,"column":17},"end":{"line":41,"column":1}},"line":29}},"branchMap":{"0":{"loc":{"start":{"line":24,"column":2},"end":{"line":24,"column":18}},"type":"default-arg","locations":[{"start":{"line":24,"column":12},"end":{"line":24,"column":18}}],"line":24},"1":{"loc":{"start":{"line":31,"column":4},"end":{"line":31,"column":65}},"type":"binary-expr","locations":[{"start":{"line":31,"column":4},"end":{"line":31,"column":39}},{"start":{"line":31,"column":43},"end":{"line":31,"column":48}},{"start":{"line":31,"column":52},"end":{"line":31,"column":65}}],"line":31}},"s":{"0":16,"1":16,"2":323,"3":323,"4":323,"5":16},"f":{"0":323},"b":{"0":[4],"1":[323,303,197]},"_coverageSchema":"1a1c01bbd47fc00a2c39e90264f33305004495a9","hash":"ccf5d1bed7cd3771b72a7a9d70888ef8f6e59772"}
,"/home/dunguyen/training/react-native-training/healthy-food/src/components/Toggle/index.tsx": {"path":"/home/dunguyen/training/react-native-training/healthy-food/src/components/Toggle/index.tsx","statementMap":{"0":{"start":{"line":3,"column":15},"end":{"line":19,"column":1}},"1":{"start":{"line":12,"column":34},"end":{"line":12,"column":49}},"2":{"start":{"line":14,"column":2},"end":{"line":18,"column":5}},"3":{"start":{"line":17,"column":18},"end":{"line":17,"column":46}},"4":{"start":{"line":17,"column":40},"end":{"line":17,"column":45}}},"fnMap":{"0":{"name":"(anonymous_0)","decl":{"start":{"line":3,"column":15},"end":{"line":3,"column":16}},"loc":{"start":{"line":11,"column":6},"end":{"line":19,"column":1}},"line":11},"1":{"name":"(anonymous_1)","decl":{"start":{"line":17,"column":12},"end":{"line":17,"column":13}},"loc":{"start":{"line":17,"column":18},"end":{"line":17,"column":46}},"line":17},"2":{"name":"(anonymous_2)","decl":{"start":{"line":17,"column":30},"end":{"line":17,"column":31}},"loc":{"start":{"line":17,"column":40},"end":{"line":17,"column":45}},"line":17}},"branchMap":{},"s":{"0":6,"1":19,"2":19,"3":6,"4":6},"f":{"0":19,"1":6,"2":6},"b":{},"_coverageSchema":"1a1c01bbd47fc00a2c39e90264f33305004495a9","hash":"32fbd87f24042d95222523eccc68df38acfb3152"}
,"/home/dunguyen/training/react-native-training/healthy-food/src/configs/linking.ts": {"path":"/home/dunguyen/training/react-native-training/healthy-food/src/configs/linking.ts","statementMap":{"0":{"start":{"line":4,"column":15},"end":{"line":4,"column":29}},"1":{"start":{"line":6,"column":70},"end":{"line":8,"column":1}}},"fnMap":{},"branchMap":{},"s":{"0":1,"1":1},"f":{},"b":{},"_coverageSchema":"1a1c01bbd47fc00a2c39e90264f33305004495a9","hash":"4e1e756c4bc1d1314562c2f5d07e2924c48b7210"}
,"/home/dunguyen/training/react-native-training/healthy-food/src/constants/api.ts": {"path":"/home/dunguyen/training/react-native-training/healthy-food/src/constants/api.ts","statementMap":{"0":{"start":{"line":3,"column":28},"end":{"line":5,"column":1}},"1":{"start":{"line":7,"column":28},"end":{"line":7,"column":68}}},"fnMap":{},"branchMap":{},"s":{"0":14,"1":14},"f":{},"b":{},"_coverageSchema":"1a1c01bbd47fc00a2c39e90264f33305004495a9","hash":"b59da9ae9f872efa7b11e4cbfab699c1e4e6ec8a"}
,"/home/dunguyen/training/react-native-training/healthy-food/src/constants/category.ts": {"path":"/home/dunguyen/training/react-native-training/healthy-food/src/constants/category.ts","statementMap":{"0":{"start":{"line":3,"column":37},"end":{"line":12,"column":1}}},"fnMap":{},"branchMap":{},"s":{"0":14},"f":{},"b":{},"_coverageSchema":"1a1c01bbd47fc00a2c39e90264f33305004495a9","hash":"2a2fbfb0c658b9a763764e8d2673d19bbaf39773"}
,"/home/dunguyen/training/react-native-training/healthy-food/src/constants/dimensions.ts": {"path":"/home/dunguyen/training/react-native-training/healthy-food/src/constants/dimensions.ts","statementMap":{"0":{"start":{"line":3,"column":22},"end":{"line":3,"column":46}},"1":{"start":{"line":4,"column":22},"end":{"line":4,"column":46}},"2":{"start":{"line":5,"column":28},"end":{"line":5,"column":40}},"3":{"start":{"line":6,"column":29},"end":{"line":6,"column":42}}},"fnMap":{},"branchMap":{},"s":{"0":14,"1":14,"2":14,"3":14},"f":{},"b":{},"_coverageSchema":"1a1c01bbd47fc00a2c39e90264f33305004495a9","hash":"529d282527ddb2e685f526bbe8d74c9974fc3b42"}
,"/home/dunguyen/training/react-native-training/healthy-food/src/constants/icons.ts": {"path":"/home/dunguyen/training/react-native-training/healthy-food/src/constants/icons.ts","statementMap":{"0":{"start":{"line":1,"column":24},"end":{"line":17,"column":10}}},"fnMap":{},"branchMap":{},"s":{"0":15},"f":{},"b":{},"_coverageSchema":"1a1c01bbd47fc00a2c39e90264f33305004495a9","hash":"e52799699b00842befb05b80eb858ba292c99a92"}
,"/home/dunguyen/training/react-native-training/healthy-food/src/constants/index.ts": {"path":"/home/dunguyen/training/react-native-training/healthy-food/src/constants/index.ts","statementMap":{},"fnMap":{},"branchMap":{},"s":{},"f":{},"b":{},"_coverageSchema":"1a1c01bbd47fc00a2c39e90264f33305004495a9","hash":"a97424b18c277c1872b7b5de5f348f00c79e0414"}
,"/home/dunguyen/training/react-native-training/healthy-food/src/constants/query.ts": {"path":"/home/dunguyen/training/react-native-training/healthy-food/src/constants/query.ts","statementMap":{"0":{"start":{"line":1,"column":26},"end":{"line":5,"column":1}},"1":{"start":{"line":4,"column":30},"end":{"line":4,"column":42}},"2":{"start":{"line":7,"column":36},"end":{"line":7,"column":37}},"3":{"start":{"line":8,"column":34},"end":{"line":8,"column":36}}},"fnMap":{"0":{"name":"(anonymous_0)","decl":{"start":{"line":4,"column":14},"end":{"line":4,"column":15}},"loc":{"start":{"line":4,"column":30},"end":{"line":4,"column":42}},"line":4}},"branchMap":{},"s":{"0":14,"1":3,"2":14,"3":14},"f":{"0":3},"b":{},"_coverageSchema":"1a1c01bbd47fc00a2c39e90264f33305004495a9","hash":"338f39592bb8d3e54fdc1bc588ef0749c4ef42b7"}
,"/home/dunguyen/training/react-native-training/healthy-food/src/constants/routes.ts": {"path":"/home/dunguyen/training/react-native-training/healthy-food/src/constants/routes.ts","statementMap":{},"fnMap":{},"branchMap":{},"s":{},"f":{},"b":{},"_coverageSchema":"1a1c01bbd47fc00a2c39e90264f33305004495a9","hash":"2d80da9215b2ec0e8bb1654d100a260a8e606169"}
,"/home/dunguyen/training/react-native-training/healthy-food/src/constants/theme.ts": {"path":"/home/dunguyen/training/react-native-training/healthy-food/src/constants/theme.ts","statementMap":{"0":{"start":{"line":8,"column":21},"end":{"line":30,"column":10}}},"fnMap":{},"branchMap":{},"s":{"0":17},"f":{},"b":{},"_coverageSchema":"1a1c01bbd47fc00a2c39e90264f33305004495a9","hash":"92d867e298b2f0ca476c12905bceb43b913b149b"}
,"/home/dunguyen/training/react-native-training/healthy-food/src/contexts/focus/index.ts": {"path":"/home/dunguyen/training/react-native-training/healthy-food/src/contexts/focus/index.ts","statementMap":{},"fnMap":{},"branchMap":{},"s":{},"f":{},"b":{},"_coverageSchema":"1a1c01bbd47fc00a2c39e90264f33305004495a9","hash":"67f262225c3e88677e4d2177f61184866f35b609"}
,"/home/dunguyen/training/react-native-training/healthy-food/src/contexts/focus/provider.tsx": {"path":"/home/dunguyen/training/react-native-training/healthy-food/src/contexts/focus/provider.tsx","statementMap":{"0":{"start":{"line":3,"column":28},"end":{"line":3,"column":48}},"1":{"start":{"line":4,"column":36},"end":{"line":6,"column":11}},"2":{"start":{"line":8,"column":29},"end":{"line":16,"column":1}},"3":{"start":{"line":9,"column":28},"end":{"line":9,"column":43}},"4":{"start":{"line":11,"column":2},"end":{"line":15,"column":4}}},"fnMap":{"0":{"name":"(anonymous_0)","decl":{"start":{"line":6,"column":2},"end":{"line":6,"column":3}},"loc":{"start":{"line":6,"column":8},"end":{"line":6,"column":10}},"line":6},"1":{"name":"(anonymous_1)","decl":{"start":{"line":8,"column":29},"end":{"line":8,"column":30}},"loc":{"start":{"line":8,"column":72},"end":{"line":16,"column":1}},"line":8}},"branchMap":{},"s":{"0":3,"1":3,"2":3,"3":0,"4":0},"f":{"0":0,"1":0},"b":{},"_coverageSchema":"1a1c01bbd47fc00a2c39e90264f33305004495a9","hash":"50740300319487506cafb48c53cf0350740661ce"}
,"/home/dunguyen/training/react-native-training/healthy-food/src/hooks/index.ts": {"path":"/home/dunguyen/training/react-native-training/healthy-food/src/hooks/index.ts","statementMap":{},"fnMap":{},"branchMap":{},"s":{},"f":{},"b":{},"_coverageSchema":"1a1c01bbd47fc00a2c39e90264f33305004495a9","hash":"df6ac681a77d9778339c6969157945ba8c52a1e5"}
,"/home/dunguyen/training/react-native-training/healthy-food/src/hooks/useAppBackHandler.ts": {"path":"/home/dunguyen/training/react-native-training/healthy-food/src/hooks/useAppBackHandler.ts","statementMap":{"0":{"start":{"line":8,"column":33},"end":{"line":37,"column":1}},"1":{"start":{"line":9,"column":2},"end":{"line":36,"column":9}},"2":{"start":{"line":10,"column":23},"end":{"line":28,"column":5}},"3":{"start":{"line":12,"column":8},"end":{"line":12,"column":70}},"4":{"start":{"line":14,"column":6},"end":{"line":25,"column":7}},"5":{"start":{"line":15,"column":8},"end":{"line":22,"column":11}},"6":{"start":{"line":18,"column":27},"end":{"line":18,"column":31}},"7":{"start":{"line":21,"column":40},"end":{"line":21,"column":61}},"8":{"start":{"line":24,"column":8},"end":{"line":24,"column":20}},"9":{"start":{"line":27,"column":6},"end":{"line":27,"column":19}},"10":{"start":{"line":30,"column":24},"end":{"line":33,"column":5}},"11":{"start":{"line":35,"column":4},"end":{"line":35,"column":38}},"12":{"start":{"line":35,"column":17},"end":{"line":35,"column":37}}},"fnMap":{"0":{"name":"(anonymous_0)","decl":{"start":{"line":8,"column":33},"end":{"line":8,"column":34}},"loc":{"start":{"line":8,"column":39},"end":{"line":37,"column":1}},"line":8},"1":{"name":"(anonymous_1)","decl":{"start":{"line":9,"column":12},"end":{"line":9,"column":13}},"loc":{"start":{"line":9,"column":18},"end":{"line":36,"column":3}},"line":9},"2":{"name":"(anonymous_2)","decl":{"start":{"line":10,"column":23},"end":{"line":10,"column":24}},"loc":{"start":{"line":10,"column":29},"end":{"line":28,"column":5}},"line":10},"3":{"name":"(anonymous_3)","decl":{"start":{"line":18,"column":21},"end":{"line":18,"column":22}},"loc":{"start":{"line":18,"column":27},"end":{"line":18,"column":31}},"line":18},"4":{"name":"(anonymous_4)","decl":{"start":{"line":21,"column":34},"end":{"line":21,"column":35}},"loc":{"start":{"line":21,"column":40},"end":{"line":21,"column":61}},"line":21},"5":{"name":"(anonymous_5)","decl":{"start":{"line":35,"column":11},"end":{"line":35,"column":12}},"loc":{"start":{"line":35,"column":17},"end":{"line":35,"column":37}},"line":35}},"branchMap":{"0":{"loc":{"start":{"line":14,"column":6},"end":{"line":25,"column":7}},"type":"if","locations":[{"start":{"line":14,"column":6},"end":{"line":25,"column":7}},{"start":{},"end":{}}],"line":14}},"s":{"0":1,"1":0,"2":0,"3":0,"4":0,"5":0,"6":0,"7":0,"8":0,"9":0,"10":0,"11":0,"12":0},"f":{"0":0,"1":0,"2":0,"3":0,"4":0,"5":0},"b":{"0":[0,0]},"_coverageSchema":"1a1c01bbd47fc00a2c39e90264f33305004495a9","hash":"b69224e4f624ad2f7c48bc6a42beb14b4a2c651d"}
,"/home/dunguyen/training/react-native-training/healthy-food/src/hooks/useAppLinking.ts": {"path":"/home/dunguyen/training/react-native-training/healthy-food/src/hooks/useAppLinking.ts","statementMap":{"0":{"start":{"line":12,"column":23},"end":{"line":36,"column":1}},"1":{"start":{"line":13,"column":42},"end":{"line":13,"column":59}},"2":{"start":{"line":14,"column":17},"end":{"line":14,"column":34}},"3":{"start":{"line":16,"column":2},"end":{"line":35,"column":3}},"4":{"start":{"line":18,"column":6},"end":{"line":18,"column":24}},"5":{"start":{"line":18,"column":17},"end":{"line":18,"column":24}},"6":{"start":{"line":19,"column":6},"end":{"line":19,"column":58}},"7":{"start":{"line":20,"column":6},"end":{"line":20,"column":12}},"8":{"start":{"line":23,"column":6},"end":{"line":23,"column":46}},"9":{"start":{"line":24,"column":6},"end":{"line":24,"column":12}},"10":{"start":{"line":27,"column":6},"end":{"line":29,"column":7}},"11":{"start":{"line":28,"column":8},"end":{"line":28,"column":57}},"12":{"start":{"line":30,"column":6},"end":{"line":30,"column":52}},"13":{"start":{"line":31,"column":6},"end":{"line":31,"column":12}},"14":{"start":{"line":34,"column":6},"end":{"line":34,"column":12}},"15":{"start":{"line":38,"column":29},"end":{"line":53,"column":1}},"16":{"start":{"line":39,"column":2},"end":{"line":50,"column":9}},"17":{"start":{"line":40,"column":34},"end":{"line":42,"column":5}},"18":{"start":{"line":41,"column":6},"end":{"line":41,"column":55}},"19":{"start":{"line":41,"column":35},"end":{"line":41,"column":55}},"20":{"start":{"line":45,"column":22},"end":{"line":45,"column":75}},"21":{"start":{"line":47,"column":4},"end":{"line":49,"column":6}},"22":{"start":{"line":48,"column":6},"end":{"line":48,"column":25}},"23":{"start":{"line":52,"column":2},"end":{"line":52,"column":24}}},"fnMap":{"0":{"name":"(anonymous_0)","decl":{"start":{"line":12,"column":23},"end":{"line":12,"column":24}},"loc":{"start":{"line":12,"column":46},"end":{"line":36,"column":1}},"line":12},"1":{"name":"(anonymous_1)","decl":{"start":{"line":38,"column":29},"end":{"line":38,"column":30}},"loc":{"start":{"line":38,"column":35},"end":{"line":53,"column":1}},"line":38},"2":{"name":"(anonymous_2)","decl":{"start":{"line":39,"column":12},"end":{"line":39,"column":13}},"loc":{"start":{"line":39,"column":18},"end":{"line":50,"column":3}},"line":39},"3":{"name":"(anonymous_3)","decl":{"start":{"line":40,"column":34},"end":{"line":40,"column":35}},"loc":{"start":{"line":40,"column":64},"end":{"line":42,"column":5}},"line":40},"4":{"name":"(anonymous_4)","decl":{"start":{"line":47,"column":11},"end":{"line":47,"column":12}},"loc":{"start":{"line":47,"column":17},"end":{"line":49,"column":5}},"line":47}},"branchMap":{"0":{"loc":{"start":{"line":14,"column":17},"end":{"line":14,"column":34}},"type":"binary-expr","locations":[{"start":{"line":14,"column":17},"end":{"line":14,"column":28}},{"start":{"line":14,"column":32},"end":{"line":14,"column":34}}],"line":14},"1":{"loc":{"start":{"line":16,"column":2},"end":{"line":35,"column":3}},"type":"switch","locations":[{"start":{"line":17,"column":4},"end":{"line":20,"column":12}},{"start":{"line":22,"column":4},"end":{"line":24,"column":12}},{"start":{"line":26,"column":4},"end":{"line":31,"column":12}},{"start":{"line":33,"column":4},"end":{"line":34,"column":12}}],"line":16},"2":{"loc":{"start":{"line":18,"column":6},"end":{"line":18,"column":24}},"type":"if","locations":[{"start":{"line":18,"column":6},"end":{"line":18,"column":24}},{"start":{},"end":{}}],"line":18},"3":{"loc":{"start":{"line":27,"column":6},"end":{"line":29,"column":7}},"type":"if","locations":[{"start":{"line":27,"column":6},"end":{"line":29,"column":7}},{"start":{},"end":{}}],"line":27},"4":{"loc":{"start":{"line":27,"column":10},"end":{"line":27,"column":68}},"type":"binary-expr","locations":[{"start":{"line":27,"column":10},"end":{"line":27,"column":27}},{"start":{"line":27,"column":31},"end":{"line":27,"column":68}}],"line":27},"5":{"loc":{"start":{"line":41,"column":6},"end":{"line":41,"column":55}},"type":"if","locations":[{"start":{"line":41,"column":6},"end":{"line":41,"column":55}},{"start":{},"end":{}}],"line":41}},"s":{"0":1,"1":0,"2":0,"3":0,"4":0,"5":0,"6":0,"7":0,"8":0,"9":0,"10":0,"11":0,"12":0,"13":0,"14":0,"15":1,"16":0,"17":0,"18":0,"19":0,"20":0,"21":0,"22":0,"23":0},"f":{"0":0,"1":0,"2":0,"3":0,"4":0},"b":{"0":[0,0],"1":[0,0,0,0],"2":[0,0],"3":[0,0],"4":[0,0],"5":[0,0]},"_coverageSchema":"1a1c01bbd47fc00a2c39e90264f33305004495a9","hash":"04ecd9f98f6cb7ffad1ff8e4173aa2b2cbee2e86"}
,"/home/dunguyen/training/react-native-training/healthy-food/src/hooks/useFavorite.ts": {"path":"/home/dunguyen/training/react-native-training/healthy-food/src/hooks/useFavorite.ts","statementMap":{"0":{"start":{"line":11,"column":27},"end":{"line":38,"column":1}},"1":{"start":{"line":12,"column":16},"end":{"line":12,"column":34}},"2":{"start":{"line":13,"column":27},"end":{"line":13,"column":32}},"3":{"start":{"line":15,"column":16},"end":{"line":35,"column":4}},"4":{"start":{"line":19,"column":6},"end":{"line":31,"column":7}},"5":{"start":{"line":20,"column":24},"end":{"line":22,"column":9}},"6":{"start":{"line":24,"column":8},"end":{"line":28,"column":9}},"7":{"start":{"line":25,"column":27},"end":{"line":25,"column":77}},"8":{"start":{"line":26,"column":10},"end":{"line":26,"column":33}},"9":{"start":{"line":27,"column":10},"end":{"line":27,"column":26}},"10":{"start":{"line":30,"column":8},"end":{"line":30,"column":64}},"11":{"start":{"line":33,"column":6},"end":{"line":33,"column":16}},"12":{"start":{"line":37,"column":2},"end":{"line":37,"column":32}}},"fnMap":{"0":{"name":"(anonymous_0)","decl":{"start":{"line":11,"column":27},"end":{"line":11,"column":28}},"loc":{"start":{"line":11,"column":33},"end":{"line":38,"column":1}},"line":11},"1":{"name":"(anonymous_1)","decl":{"start":{"line":18,"column":13},"end":{"line":18,"column":14}},"loc":{"start":{"line":18,"column":25},"end":{"line":34,"column":5}},"line":18}},"branchMap":{"0":{"loc":{"start":{"line":24,"column":8},"end":{"line":28,"column":9}},"type":"if","locations":[{"start":{"line":24,"column":8},"end":{"line":28,"column":9}},{"start":{},"end":{}}],"line":24}},"s":{"0":2,"1":14,"2":14,"3":14,"4":5,"5":5,"6":5,"7":2,"8":1,"9":1,"10":1,"11":4,"12":14},"f":{"0":14,"1":5},"b":{"0":[2,3]},"_coverageSchema":"1a1c01bbd47fc00a2c39e90264f33305004495a9","hash":"09290afde761cae3b1f126017652d71fc89fd070"}
,"/home/dunguyen/training/react-native-training/healthy-food/src/hooks/useFocus.ts": {"path":"/home/dunguyen/training/react-native-training/healthy-food/src/hooks/useFocus.ts","statementMap":{"0":{"start":{"line":7,"column":24},"end":{"line":12,"column":1}},"1":{"start":{"line":8,"column":16},"end":{"line":8,"column":40}},"2":{"start":{"line":9,"column":19},"end":{"line":9,"column":51}},"3":{"start":{"line":11,"column":2},"end":{"line":11,"column":27}}},"fnMap":{"0":{"name":"(anonymous_0)","decl":{"start":{"line":7,"column":24},"end":{"line":7,"column":25}},"loc":{"start":{"line":7,"column":61},"end":{"line":12,"column":1}},"line":7}},"branchMap":{},"s":{"0":2,"1":1,"2":1,"3":1},"f":{"0":1},"b":{},"_coverageSchema":"1a1c01bbd47fc00a2c39e90264f33305004495a9","hash":"d86aafd4c128e4e0e9e4f0c9552e53a18b2d691f"}
,"/home/dunguyen/training/react-native-training/healthy-food/src/hooks/useFoodList.tsx": {"path":"/home/dunguyen/training/react-native-training/healthy-food/src/hooks/useFoodList.tsx","statementMap":{"0":{"start":{"line":11,"column":24},"end":{"line":21,"column":4}},"1":{"start":{"line":16,"column":6},"end":{"line":16,"column":53}},"2":{"start":{"line":17,"column":36},"end":{"line":17,"column":53}},"3":{"start":{"line":18,"column":41},"end":{"line":18,"column":59}},"4":{"start":{"line":19,"column":35},"end":{"line":19,"column":43}},"5":{"start":{"line":20,"column":27},"end":{"line":20,"column":61}},"6":{"start":{"line":20,"column":51},"end":{"line":20,"column":60}},"7":{"start":{"line":23,"column":2},"end":{"line":23,"column":23}}},"fnMap":{"0":{"name":"useFoodList","decl":{"start":{"line":5,"column":16},"end":{"line":5,"column":27}},"loc":{"start":{"line":10,"column":21},"end":{"line":24,"column":1}},"line":10},"1":{"name":"(anonymous_1)","decl":{"start":{"line":15,"column":13},"end":{"line":15,"column":14}},"loc":{"start":{"line":16,"column":6},"end":{"line":16,"column":53}},"line":16},"2":{"name":"(anonymous_2)","decl":{"start":{"line":17,"column":22},"end":{"line":17,"column":23}},"loc":{"start":{"line":17,"column":36},"end":{"line":17,"column":53}},"line":17},"3":{"name":"(anonymous_3)","decl":{"start":{"line":18,"column":26},"end":{"line":18,"column":27}},"loc":{"start":{"line":18,"column":41},"end":{"line":18,"column":59}},"line":18},"4":{"name":"(anonymous_4)","decl":{"start":{"line":19,"column":21},"end":{"line":19,"column":22}},"loc":{"start":{"line":19,"column":35},"end":{"line":19,"column":43}},"line":19},"5":{"name":"(anonymous_5)","decl":{"start":{"line":20,"column":12},"end":{"line":20,"column":13}},"loc":{"start":{"line":20,"column":27},"end":{"line":20,"column":61}},"line":20},"6":{"name":"(anonymous_6)","decl":{"start":{"line":20,"column":41},"end":{"line":20,"column":42}},"loc":{"start":{"line":20,"column":51},"end":{"line":20,"column":60}},"line":20}},"branchMap":{"0":{"loc":{"start":{"line":5,"column":28},"end":{"line":10,"column":19}},"type":"default-arg","locations":[{"start":{"line":10,"column":17},"end":{"line":10,"column":19}}],"line":5},"1":{"loc":{"start":{"line":6,"column":2},"end":{"line":6,"column":14}},"type":"default-arg","locations":[{"start":{"line":6,"column":12},"end":{"line":6,"column":14}}],"line":6},"2":{"loc":{"start":{"line":7,"column":2},"end":{"line":7,"column":12}},"type":"default-arg","locations":[{"start":{"line":7,"column":10},"end":{"line":7,"column":12}}],"line":7}},"s":{"0":4,"1":3,"2":9,"3":8,"4":10,"5":4,"6":6,"7":4},"f":{"0":4,"1":3,"2":9,"3":8,"4":10,"5":4,"6":6},"b":{"0":[3],"1":[3],"2":[3]},"_coverageSchema":"1a1c01bbd47fc00a2c39e90264f33305004495a9","hash":"31b0b487d1b2557ac936b35df9294a250be69e32"}
,"/home/dunguyen/training/react-native-training/healthy-food/src/hooks/useMeasureTTI.ts": {"path":"/home/dunguyen/training/react-native-training/healthy-food/src/hooks/useMeasureTTI.ts","statementMap":{"0":{"start":{"line":3,"column":21},"end":{"line":3,"column":31}},"1":{"start":{"line":5,"column":29},"end":{"line":13,"column":1}},"2":{"start":{"line":6,"column":2},"end":{"line":12,"column":9}},"3":{"start":{"line":7,"column":4},"end":{"line":11,"column":5}},"4":{"start":{"line":8,"column":30},"end":{"line":8,"column":40}},"5":{"start":{"line":9,"column":18},"end":{"line":9,"column":48}},"6":{"start":{"line":10,"column":6},"end":{"line":10,"column":59}}},"fnMap":{"0":{"name":"(anonymous_0)","decl":{"start":{"line":5,"column":29},"end":{"line":5,"column":30}},"loc":{"start":{"line":5,"column":35},"end":{"line":13,"column":1}},"line":5},"1":{"name":"(anonymous_1)","decl":{"start":{"line":6,"column":12},"end":{"line":6,"column":13}},"loc":{"start":{"line":6,"column":18},"end":{"line":12,"column":3}},"line":6}},"branchMap":{"0":{"loc":{"start":{"line":7,"column":4},"end":{"line":11,"column":5}},"type":"if","locations":[{"start":{"line":7,"column":4},"end":{"line":11,"column":5}},{"start":{},"end":{}}],"line":7}},"s":{"0":1,"1":1,"2":0,"3":0,"4":0,"5":0,"6":0},"f":{"0":0,"1":0},"b":{"0":[0,0]},"_coverageSchema":"1a1c01bbd47fc00a2c39e90264f33305004495a9","hash":"d85d783a3138e83af2f03468ec17466b8811c31e"}
,"/home/dunguyen/training/react-native-training/healthy-food/src/mocks/article.ts": {"path":"/home/dunguyen/training/react-native-training/healthy-food/src/mocks/article.ts","statementMap":{"0":{"start":{"line":3,"column":41},"end":{"line":28,"column":1}}},"fnMap":{},"branchMap":{},"s":{"0":3},"f":{},"b":{},"_coverageSchema":"1a1c01bbd47fc00a2c39e90264f33305004495a9","hash":"a3de06f0824e53787dbaedaa7d18de07a2be28ab"}
,"/home/dunguyen/training/react-native-training/healthy-food/src/mocks/food.ts": {"path":"/home/dunguyen/training/react-native-training/healthy-food/src/mocks/food.ts","statementMap":{"0":{"start":{"line":3,"column":39},"end":{"line":316,"column":1}}},"fnMap":{},"branchMap":{},"s":{"0":10},"f":{},"b":{},"_coverageSchema":"1a1c01bbd47fc00a2c39e90264f33305004495a9","hash":"866f29e3841beebd20080b4e7392b58b241c265a"}
,"/home/dunguyen/training/react-native-training/healthy-food/src/mocks/nutritional.ts": {"path":"/home/dunguyen/training/react-native-training/healthy-food/src/mocks/nutritional.ts","statementMap":{"0":{"start":{"line":3,"column":48},"end":{"line":10,"column":1}}},"fnMap":{},"branchMap":{},"s":{"0":1},"f":{},"b":{},"_coverageSchema":"1a1c01bbd47fc00a2c39e90264f33305004495a9","hash":"9eef1d5efd666e28eb53c8bf308c4626e9ae08fa"}
,"/home/dunguyen/training/react-native-training/healthy-food/src/navigation/RootNavigation.tsx": {"path":"/home/dunguyen/training/react-native-training/healthy-food/src/navigation/RootNavigation.tsx","statementMap":{"0":{"start":{"line":19,"column":29},"end":{"line":21,"column":3}},"1":{"start":{"line":23,"column":21},"end":{"line":23,"column":68}},"2":{"start":{"line":23,"column":32},"end":{"line":23,"column":67}},"3":{"start":{"line":25,"column":30},"end":{"line":48,"column":1}},"4":{"start":{"line":26,"column":2},"end":{"line":26,"column":22}},"5":{"start":{"line":27,"column":25},"end":{"line":27,"column":40}},"6":{"start":{"line":29,"column":22},"end":{"line":33,"column":3}},"7":{"start":{"line":30,"column":4},"end":{"line":30,"column":31}},"8":{"start":{"line":31,"column":16},"end":{"line":31,"column":31}},"9":{"start":{"line":32,"column":4},"end":{"line":32,"column":26}},"10":{"start":{"line":35,"column":52},"end":{"line":35,"column":67}},"11":{"start":{"line":37,"column":2},"end":{"line":47,"column":4}}},"fnMap":{"0":{"name":"(anonymous_0)","decl":{"start":{"line":23,"column":26},"end":{"line":23,"column":27}},"loc":{"start":{"line":23,"column":32},"end":{"line":23,"column":67}},"line":23},"1":{"name":"(anonymous_1)","decl":{"start":{"line":25,"column":30},"end":{"line":25,"column":31}},"loc":{"start":{"line":25,"column":36},"end":{"line":48,"column":1}},"line":25},"2":{"name":"(anonymous_2)","decl":{"start":{"line":29,"column":22},"end":{"line":29,"column":23}},"loc":{"start":{"line":29,"column":28},"end":{"line":33,"column":3}},"line":29}},"branchMap":{"0":{"loc":{"start":{"line":32,"column":4},"end":{"line":32,"column":25}},"type":"binary-expr","locations":[{"start":{"line":32,"column":4},"end":{"line":32,"column":7}},{"start":{"line":32,"column":11},"end":{"line":32,"column":25}}],"line":32},"1":{"loc":{"start":{"line":45,"column":7},"end":{"line":45,"column":44}},"type":"binary-expr","locations":[{"start":{"line":45,"column":7},"end":{"line":45,"column":24}},{"start":{"line":45,"column":28},"end":{"line":45,"column":44}}],"line":45}},"s":{"0":1,"1":1,"2":0,"3":1,"4":0,"5":0,"6":0,"7":0,"8":0,"9":0,"10":0,"11":0},"f":{"0":0,"1":0,"2":0},"b":{"0":[0,0],"1":[0,0]},"_coverageSchema":"1a1c01bbd47fc00a2c39e90264f33305004495a9","hash":"ec4a1c97c3da25613be333b5dfec36d4aa84288b"}
,"/home/dunguyen/training/react-native-training/healthy-food/src/navigation/StackNavigator.tsx": {"path":"/home/dunguyen/training/react-native-training/healthy-food/src/navigation/StackNavigator.tsx","statementMap":{"0":{"start":{"line":11,"column":21},"end":{"line":11,"column":57}},"1":{"start":{"line":11,"column":32},"end":{"line":11,"column":56}},"2":{"start":{"line":12,"column":22},"end":{"line":12,"column":61}},"3":{"start":{"line":12,"column":33},"end":{"line":12,"column":60}},"4":{"start":{"line":14,"column":18},"end":{"line":14,"column":79}},"5":{"start":{"line":16,"column":22},"end":{"line":45,"column":1}},"6":{"start":{"line":17,"column":2},"end":{"line":44,"column":4}},"7":{"start":{"line":21,"column":8},"end":{"line":21,"column":73}},"8":{"start":{"line":35,"column":14},"end":{"line":35,"column":55}},"9":{"start":{"line":39,"column":12},"end":{"line":39,"column":79}}},"fnMap":{"0":{"name":"(anonymous_0)","decl":{"start":{"line":11,"column":26},"end":{"line":11,"column":27}},"loc":{"start":{"line":11,"column":32},"end":{"line":11,"column":56}},"line":11},"1":{"name":"(anonymous_1)","decl":{"start":{"line":12,"column":27},"end":{"line":12,"column":28}},"loc":{"start":{"line":12,"column":33},"end":{"line":12,"column":60}},"line":12},"2":{"name":"(anonymous_2)","decl":{"start":{"line":16,"column":22},"end":{"line":16,"column":23}},"loc":{"start":{"line":16,"column":28},"end":{"line":45,"column":1}},"line":16},"3":{"name":"(anonymous_3)","decl":{"start":{"line":20,"column":20},"end":{"line":20,"column":21}},"loc":{"start":{"line":21,"column":8},"end":{"line":21,"column":73}},"line":21},"4":{"name":"(anonymous_4)","decl":{"start":{"line":34,"column":20},"end":{"line":34,"column":21}},"loc":{"start":{"line":35,"column":14},"end":{"line":35,"column":55}},"line":35},"5":{"name":"(anonymous_5)","decl":{"start":{"line":38,"column":18},"end":{"line":38,"column":19}},"loc":{"start":{"line":39,"column":12},"end":{"line":39,"column":79}},"line":39}},"branchMap":{},"s":{"0":1,"1":0,"2":1,"3":0,"4":1,"5":1,"6":0,"7":0,"8":0,"9":0},"f":{"0":0,"1":0,"2":0,"3":0,"4":0,"5":0},"b":{},"_coverageSchema":"1a1c01bbd47fc00a2c39e90264f33305004495a9","hash":"a36d54c0c7df6c7603c10447399b86dcd2675918"}
,"/home/dunguyen/training/react-native-training/healthy-food/src/navigation/index.ts": {"path":"/home/dunguyen/training/react-native-training/healthy-food/src/navigation/index.ts","statementMap":{},"fnMap":{},"branchMap":{},"s":{},"f":{},"b":{},"_coverageSchema":"1a1c01bbd47fc00a2c39e90264f33305004495a9","hash":"0f7e9646f5eefa2f6e9543332c00edbdbb033c94"}
[...]
"line":58,"column":14},"end":{"line":58,"column":68}},"20":{"start":{"line":60,"column":19},"end":{"line":60,"column":52}},"21":{"start":{"line":61,"column":2},"end":{"line":61,"column":14}},"22":{"start":{"line":64,"column":27},"end":{"line":74,"column":1}},"23":{"start":{"line":65,"column":25},"end":{"line":67,"column":3}},"24":{"start":{"line":69,"column":2},"end":{"line":71,"column":3}},"25":{"start":{"line":70,"column":4},"end":{"line":70,"column":53}},"26":{"start":{"line":73,"column":2},"end":{"line":73,"column":14}}},"fnMap":{"0":{"name":"(anonymous_0)","decl":{"start":{"line":22,"column":27},"end":{"line":22,"column":28}},"loc":{"start":{"line":27,"column":50},"end":{"line":50,"column":1}},"line":27},"1":{"name":"(anonymous_1)","decl":{"start":{"line":35,"column":18},"end":{"line":35,"column":19}},"loc":{"start":{"line":35,"column":28},"end":{"line":35,"column":76}},"line":35},"2":{"name":"(anonymous_2)","decl":{"start":{"line":52,"column":35},"end":{"line":52,"column":36}},"loc":{"start":{"line":52,"column":78},"end":{"line":62,"column":1}},"line":52},"3":{"name":"(anonymous_3)","decl":{"start":{"line":56,"column":14},"end":{"line":56,"column":15}},"loc":{"start":{"line":56,"column":24},"end":{"line":56,"column":66}},"line":56},"4":{"name":"(anonymous_4)","decl":{"start":{"line":64,"column":27},"end":{"line":64,"column":28}},"loc":{"start":{"line":64,"column":65},"end":{"line":74,"column":1}},"line":64}},"branchMap":{"0":{"loc":{"start":{"line":23,"column":2},"end":{"line":23,"column":14}},"type":"default-arg","locations":[{"start":{"line":23,"column":12},"end":{"line":23,"column":14}}],"line":23},"1":{"loc":{"start":{"line":24,"column":2},"end":{"line":24,"column":10}},"type":"default-arg","locations":[{"start":{"line":24,"column":9},"end":{"line":24,"column":10}}],"line":24},"2":{"loc":{"start":{"line":25,"column":2},"end":{"line":25,"column":33}},"type":"default-arg","locations":[{"start":{"line":25,"column":13},"end":{"line":25,"column":33}}],"line":25},"3":{"loc":{"start":{"line":33,"column":2},"end":{"line":33,"column":50}},"type":"if","locations":[{"start":{"line":33,"column":2},"end":{"line":33,"column":50}},{"start":{},"end":{}}],"line":33},"4":{"loc":{"start":{"line":41,"column":21},"end":{"line":41,"column":37}},"type":"binary-expr","locations":[{"start":{"line":41,"column":21},"end":{"line":41,"column":32}},{"start":{"line":41,"column":36},"end":{"line":41,"column":37}}],"line":41},"5":{"loc":{"start":{"line":47,"column":14},"end":{"line":47,"column":54}},"type":"cond-expr","locations":[{"start":{"line":47,"column":34},"end":{"line":47,"column":42}},{"start":{"line":47,"column":45},"end":{"line":47,"column":54}}],"line":47},"6":{"loc":{"start":{"line":48,"column":14},"end":{"line":48,"column":45}},"type":"cond-expr","locations":[{"start":{"line":48,"column":25},"end":{"line":48,"column":33}},{"start":{"line":48,"column":36},"end":{"line":48,"column":45}}],"line":48},"7":{"loc":{"start":{"line":53,"column":2},"end":{"line":53,"column":29}},"type":"if","locations":[{"start":{"line":53,"column":2},"end":{"line":53,"column":29}},{"start":{},"end":{}}],"line":53},"8":{"loc":{"start":{"line":69,"column":2},"end":{"line":71,"column":3}},"type":"if","locations":[{"start":{"line":69,"column":2},"end":{"line":71,"column":3}},{"start":{},"end":{}}],"line":69}},"s":{"0":3,"1":4,"2":4,"3":4,"4":4,"5":2,"6":4,"7":1,"8":4,"9":4,"10":3,"11":3,"12":3,"13":3,"14":2,"15":1,"16":1,"17":1,"18":1,"19":1,"20":1,"21":1,"22":3,"23":1,"24":1,"25":0,"26":1},"f":{"0":4,"1":1,"2":2,"3":1,"4":1},"b":{"0":[2],"1":[1],"2":[0],"3":[2,2],"4":[3,1],"5":[1,2],"6":[1,2],"7":[1,1],"8":[0,1]},"_coverageSchema":"1a1c01bbd47fc00a2c39e90264f33305004495a9","hash":"4e92bbd88a4f6924f025bcb544d2c7fd3eda5e64"}
,"/home/dunguyen/training/react-native-training/healthy-food/src/services/http-client.ts": {"path":"/home/dunguyen/training/react-native-training/healthy-food/src/services/http-client.ts","statementMap":{"0":{"start":{"line":16,"column":4},"end":{"line":18,"column":5}},"1":{"start":{"line":17,"column":6},"end":{"line":17,"column":40}},"2":{"start":{"line":20,"column":4},"end":{"line":20,"column":27}},"3":{"start":{"line":23,"column":23},"end":{"line":53,"column":3}},"4":{"start":{"line":24,"column":46},"end":{"line":24,"column":56}},"5":{"start":{"line":26,"column":20},"end":{"line":26,"column":52}},"6":{"start":{"line":28,"column":25},"end":{"line":33,"column":5}},"7":{"start":{"line":35,"column":20},"end":{"line":41,"column":5}},"8":{"start":{"line":43,"column":16},"end":{"line":43,"column":62}},"9":{"start":{"line":45,"column":4},"end":{"line":50,"column":5}},"10":{"start":{"line":46,"column":27},"end":{"line":46,"column":43}},"11":{"start":{"line":47,"column":6},"end":{"line":49,"column":8}},"12":{"start":{"line":52,"column":4},"end":{"line":52,"column":15}},"13":{"start":{"line":62,"column":16},"end":{"line":62,"column":48}},"14":{"start":{"line":63,"column":24},"end":{"line":63,"column":55}},"15":{"start":{"line":65,"column":4},"end":{"line":69,"column":5}},"16":{"start":{"line":66,"column":19},"end":{"line":66,"column":42}},"17":{"start":{"line":67,"column":20},"end":{"line":67,"column":52}},"18":{"start":{"line":68,"column":6},"end":{"line":68,"column":69}},"19":{"start":{"line":71,"column":4},"end":{"line":71,"column":60}},"20":{"start":{"line":75,"column":16},"end":{"line":75,"column":71}},"21":{"start":{"line":76,"column":4},"end":{"line":76,"column":27}},"22":{"start":{"line":80,"column":16},"end":{"line":80,"column":70}},"23":{"start":{"line":81,"column":4},"end":{"line":81,"column":27}},"24":{"start":{"line":85,"column":16},"end":{"line":85,"column":73}},"25":{"start":{"line":86,"column":4},"end":{"line":86,"column":27}},"26":{"start":{"line":90,"column":25},"end":{"line":90,"column":44}}},"fnMap":{"0":{"name":"(anonymous_0)","decl":{"start":{"line":13,"column":2},"end":{"line":13,"column":3}},"loc":{"start":{"line":13,"column":24},"end":{"line":13,"column":26}},"line":13},"1":{"name":"(anonymous_1)","decl":{"start":{"line":15,"column":2},"end":{"line":15,"column":3}},"loc":{"start":{"line":15,"column":25},"end":{"line":21,"column":3}},"line":15},"2":{"name":"(anonymous_2)","decl":{"start":{"line":23,"column":23},"end":{"line":23,"column":24}},"loc":{"start":{"line":23,"column":68},"end":{"line":53,"column":3}},"line":23},"3":{"name":"(anonymous_3)","decl":{"start":{"line":55,"column":2},"end":{"line":55,"column":3}},"loc":{"start":{"line":61,"column":5},"end":{"line":72,"column":3}},"line":61},"4":{"name":"(anonymous_4)","decl":{"start":{"line":74,"column":2},"end":{"line":74,"column":3}},"loc":{"start":{"line":74,"column":67},"end":{"line":77,"column":3}},"line":74},"5":{"name":"(anonymous_5)","decl":{"start":{"line":79,"column":2},"end":{"line":79,"column":3}},"loc":{"start":{"line":79,"column":66},"end":{"line":82,"column":3}},"line":79},"6":{"name":"(anonymous_6)","decl":{"start":{"line":84,"column":2},"end":{"line":84,"column":3}},"loc":{"start":{"line":84,"column":69},"end":{"line":87,"column":3}},"line":84}},"branchMap":{"0":{"loc":{"start":{"line":16,"column":4},"end":{"line":18,"column":5}},"type":"if","locations":[{"start":{"line":16,"column":4},"end":{"line":18,"column":5}},{"start":{},"end":{}}],"line":16},"1":{"loc":{"start":{"line":24,"column":12},"end":{"line":24,"column":26}},"type":"default-arg","locations":[{"start":{"line":24,"column":21},"end":{"line":24,"column":26}}],"line":24},"2":{"loc":{"start":{"line":24,"column":46},"end":{"line":24,"column":56}},"type":"binary-expr","locations":[{"start":{"line":24,"column":46},"end":{"line":24,"column":50}},{"start":{"line":24,"column":54},"end":{"line":24,"column":56}}],"line":24},"3":{"loc":{"start":{"line":30,"column":10},"end":{"line":32,"column":7}},"type":"binary-expr","locations":[{"start":{"line":30,"column":10},"end":{"line":30,"column":17}},{"start":{"line":30,"column":21},"end":{"line":32,"column":7}}],"line":30},"4":{"loc":{"start":{"line":38,"column":10},"end":{"line":40,"column":7}},"type":"binary-expr","locations":[{"start":{"line":38,"column":10},"end":{"line":38,"column":17}},{"start":{"line":38,"column":21},"end":{"line":40,"column":7}}],"line":38},"5":{"loc":{"start":{"line":45,"column":4},"end":{"line":50,"column":5}},"type":"if","locations":[{"start":{"line":45,"column":4},"end":{"line":50,"column":5}},{"start":{},"end":{}}],"line":45},"6":{"loc":{"start":{"line":65,"column":4},"end":{"line":69,"column":5}},"type":"if","locations":[{"start":{"line":65,"column":4},"end":{"line":69,"column":5}},{"start":{},"end":{}}],"line":65},"7":{"loc":{"start":{"line":65,"column":8},"end":{"line":65,"column":63}},"type":"binary-expr","locations":[{"start":{"line":65,"column":8},"end":{"line":65,"column":19}},{"start":{"line":65,"column":23},"end":{"line":65,"column":63}}],"line":65},"8":{"loc":{"start":{"line":68,"column":27},"end":{"line":68,"column":66}},"type":"cond-expr","locations":[{"start":{"line":68,"column":35},"end":{"line":68,"column":59}},{"start":{"line":68,"column":62},"end":{"line":68,"column":66}}],"line":68}},"s":{"0":3,"1":3,"2":3,"3":3,"4":8,"5":8,"6":8,"7":8,"8":8,"9":7,"10":1,"11":1,"12":6,"13":4,"14":3,"15":3,"16":2,"17":2,"18":2,"19":1,"20":1,"21":1,"22":1,"23":1,"24":2,"25":1,"26":3},"f":{"0":3,"1":3,"2":8,"3":4,"4":1,"5":1,"6":2},"b":{"0":[3,0],"1":[4],"2":[8,4],"3":[8,2],"4":[8,2],"5":[1,6],"6":[2,1],"7":[3,3],"8":[1,1]},"_coverageSchema":"1a1c01bbd47fc00a2c39e90264f33305004495a9","hash":"b4059751981e00c3d44f39be281a75c52072238f"}
,"/home/dunguyen/training/react-native-training/healthy-food/src/stores/favorite.ts": {"path":"/home/dunguyen/training/react-native-training/healthy-food/src/stores/favorite.ts","statementMap":{"0":{"start":{"line":22,"column":21},"end":{"line":23,"column":63}},"1":{"start":{"line":23,"column":2},"end":{"line":23,"column":63}},"2":{"start":{"line":25,"column":32},"end":{"line":74,"column":1}},"3":{"start":{"line":27,"column":14},"end":{"line":65,"column":5}},"4":{"start":{"line":32,"column":8},"end":{"line":41,"column":11}},"5":{"start":{"line":33,"column":10},"end":{"line":35,"column":11}},"6":{"start":{"line":33,"column":55},"end":{"line":33,"column":71}},"7":{"start":{"line":34,"column":12},"end":{"line":34,"column":25}},"8":{"start":{"line":36,"column":31},"end":{"line":36,"column":57}},"9":{"start":{"line":37,"column":10},"end":{"line":40,"column":12}},"10":{"start":{"line":45,"column":8},"end":{"line":51,"column":11}},"11":{"start":{"line":46,"column":31},"end":{"line":46,"column":77}},"12":{"start":{"line":46,"column":61},"end":{"line":46,"column":76}},"13":{"start":{"line":47,"column":10},"end":{"line":50,"column":12}},"14":{"start":{"line":55,"column":8},"end":{"line":55,"column":56}},"15":{"start":{"line":59,"column":8},"end":{"line":63,"column":12}},"16":{"start":{"line":59,"column":24},"end":{"line":63,"column":9}},"17":{"start":{"line":61,"column":44},"end":{"line":61,"column":76}},"18":{"start":{"line":68,"column":39},"end":{"line":68,"column":51}},"19":{"start":{"line":69,"column":30},"end":{"line":71,"column":7}},"20":{"start":{"line":70,"column":51},"end":{"line":70,"column":53}}},"fnMap":{"0":{"name":"(anonymous_0)","decl":{"start":{"line":22,"column":21},"end":{"line":22,"column":22}},"loc":{"start":{"line":23,"column":2},"end":{"line":23,"column":63}},"line":23},"1":{"name":"(anonymous_1)","decl":{"start":{"line":27,"column":4},"end":{"line":27,"column":5}},"loc":{"start":{"line":27,"column":14},"end":{"line":65,"column":5}},"line":27},"2":{"name":"(anonymous_2)","decl":{"start":{"line":31,"column":21},"end":{"line":31,"column":22}},"loc":{"start":{"line":31,"column":31},"end":{"line":42,"column":7}},"line":31},"3":{"name":"(anonymous_3)","decl":{"start":{"line":32,"column":12},"end":{"line":32,"column":13}},"loc":{"start":{"line":32,"column":23},"end":{"line":41,"column":9}},"line":32},"4":{"name":"(anonymous_4)","decl":{"start":{"line":33,"column":48},"end":{"line":33,"column":49}},"loc":{"start":{"line":33,"column":55},"end":{"line":33,"column":71}},"line":33},"5":{"name":"(anonymous_5)","decl":{"start":{"line":44,"column":26},"end":{"line":44,"column":27}},"loc":{"start":{"line":44,"column":38},"end":{"line":52,"column":7}},"line":44},"6":{"name":"(anonymous_6)","decl":{"start":{"line":45,"column":12},"end":{"line":45,"column":13}},"loc":{"start":{"line":45,"column":23},"end":{"line":51,"column":9}},"line":45},"7":{"name":"(anonymous_7)","decl":{"start":{"line":46,"column":54},"end":{"line":46,"column":55}},"loc":{"start":{"line":46,"column":61},"end":{"line":46,"column":76}},"line":46},"8":{"name":"(anonymous_8)","decl":{"start":{"line":54,"column":20},"end":{"line":54,"column":21}},"loc":{"start":{"line":54,"column":35},"end":{"line":56,"column":7}},"line":54},"9":{"name":"(anonymous_9)","decl":{"start":{"line":58,"column":20},"end":{"line":58,"column":21}},"loc":{"start":{"line":58,"column":30},"end":{"line":64,"column":7}},"line":58},"10":{"name":"(anonymous_10)","decl":{"start":{"line":59,"column":12},"end":{"line":59,"column":13}},"loc":{"start":{"line":59,"column":24},"end":{"line":63,"column":9}},"line":59},"11":{"name":"(anonymous_11)","decl":{"start":{"line":61,"column":37},"end":{"line":61,"column":38}},"loc":{"start":{"line":61,"column":44},"end":{"line":61,"column":76}},"line":61},"12":{"name":"(anonymous_12)","decl":{"start":{"line":68,"column":33},"end":{"line":68,"column":34}},"loc":{"start":{"line":68,"column":39},"end":{"line":68,"column":51}},"line":68},"13":{"name":"(anonymous_13)","decl":{"start":{"line":69,"column":18},"end":{"line":69,"column":19}},"loc":{"start":{"line":69,"column":30},"end":{"line":71,"column":7}},"line":69},"14":{"name":"(anonymous_14)","decl":{"start":{"line":70,"column":39},"end":{"line":70,"column":40}},"loc":{"start":{"line":70,"column":51},"end":{"line":70,"column":53}},"line":70}},"branchMap":{"0":{"loc":{"start":{"line":33,"column":10},"end":{"line":35,"column":11}},"type":"if","locations":[{"start":{"line":33,"column":10},"end":{"line":35,"column":11}},{"start":{},"end":{}}],"line":33},"1":{"loc":{"start":{"line":33,"column":14},"end":{"line":33,"column":72}},"type":"binary-expr","locations":[{"start":{"line":33,"column":14},"end":{"line":33,"column":23}},{"start":{"line":33,"column":27},"end":{"line":33,"column":72}}],"line":33},"2":{"loc":{"start":{"line":60,"column":28},"end":{"line":62,"column":29}},"type":"cond-expr","locations":[{"start":{"line":61,"column":14},"end":{"line":61,"column":77}},{"start":{"line":62,"column":14},"end":{"line":62,"column":29}}],"line":60},"3":{"loc":{"start":{"line":61,"column":57},"end":{"line":61,"column":69}},"type":"binary-expr","locations":[{"start":{"line":61,"column":57},"end":{"line":61,"column":63}},{"start":{"line":61,"column":67},"end":{"line":61,"column":69}}],"line":61}},"s":{"0":2,"1":2,"2":2,"3":2,"4":7,"5":7,"6":3,"7":1,"8":6,"9":6,"10":1,"11":1,"12":2,"13":1,"14":1,"15":2,"16":2,"17":2,"18":2,"19":17,"20":14},"f":{"0":2,"1":2,"2":7,"3":7,"4":3,"5":1,"6":1,"7":2,"8":1,"9":2,"10":2,"11":2,"12":2,"13":17,"14":14},"b":{"0":[1,6],"1":[7,7],"2":[1,1],"3":[2,0]},"_coverageSchema":"1a1c01bbd47fc00a2c39e90264f33305004495a9","hash":"2d9d64bb405c9475463115984135963a32c488ca"}
,"/home/dunguyen/training/react-native-training/healthy-food/src/utils/array.ts": {"path":"/home/dunguyen/training/react-native-training/healthy-food/src/utils/array.ts","statementMap":{"0":{"start":{"line":1,"column":21},"end":{"line":5,"column":1}},"1":{"start":{"line":2,"column":2},"end":{"line":4,"column":34}},"2":{"start":{"line":4,"column":21},"end":{"line":4,"column":32}}},"fnMap":{"0":{"name":"(anonymous_0)","decl":{"start":{"line":1,"column":21},"end":{"line":1,"column":22}},"loc":{"start":{"line":1,"column":52},"end":{"line":5,"column":1}},"line":1},"1":{"name":"(anonymous_1)","decl":{"start":{"line":4,"column":9},"end":{"line":4,"column":10}},"loc":{"start":{"line":4,"column":21},"end":{"line":4,"column":32}},"line":4}},"branchMap":{"0":{"loc":{"start":{"line":1,"column":38},"end":{"line":1,"column":47}},"type":"default-arg","locations":[{"start":{"line":1,"column":46},"end":{"line":1,"column":47}}],"line":1}},"s":{"0":4,"1":3,"2":13},"f":{"0":3,"1":13},"b":{"0":[3]},"_coverageSchema":"1a1c01bbd47fc00a2c39e90264f33305004495a9","hash":"012dbb9f38b713bfa5b4045b779533c1b171d6d1"}
,"/home/dunguyen/training/react-native-training/healthy-food/src/utils/debounce.ts": {"path":"/home/dunguyen/training/react-native-training/healthy-food/src/utils/debounce.ts","statementMap":{"0":{"start":{"line":8,"column":2},"end":{"line":13,"column":4}},"1":{"start":{"line":9,"column":4},"end":{"line":9,"column":24}},"2":{"start":{"line":10,"column":4},"end":{"line":12,"column":14}},"3":{"start":{"line":11,"column":6},"end":{"line":11,"column":20}}},"fnMap":{"0":{"name":"debounce","decl":{"start":{"line":2,"column":16},"end":{"line":2,"column":24}},"loc":{"start":{"line":5,"column":2},"end":{"line":14,"column":1}},"line":5},"1":{"name":"(anonymous_1)","decl":{"start":{"line":8,"column":9},"end":{"line":8,"column":10}},"loc":{"start":{"line":8,"column":37},"end":{"line":13,"column":3}},"line":8},"2":{"name":"(anonymous_2)","decl":{"start":{"line":10,"column":23},"end":{"line":10,"column":24}},"loc":{"start":{"line":10,"column":29},"end":{"line":12,"column":5}},"line":10}},"branchMap":{},"s":{"0":16,"1":10,"2":10,"3":8},"f":{"0":16,"1":10,"2":8},"b":{},"_coverageSchema":"1a1c01bbd47fc00a2c39e90264f33305004495a9","hash":"f5f215832b3efa219578a2a0b192b467fb657fba"}
,"/home/dunguyen/training/react-native-training/healthy-food/src/utils/storage.ts": {"path":"/home/dunguyen/training/react-native-training/healthy-food/src/utils/storage.ts","statementMap":{"0":{"start":{"line":3,"column":26},"end":{"line":11,"column":1}},"1":{"start":{"line":4,"column":18},"end":{"line":4,"column":49}},"2":{"start":{"line":6,"column":2},"end":{"line":8,"column":3}},"3":{"start":{"line":7,"column":4},"end":{"line":7,"column":36}},"4":{"start":{"line":10,"column":2},"end":{"line":10,"column":14}}},"fnMap":{"0":{"name":"(anonymous_0)","decl":{"start":{"line":3,"column":26},"end":{"line":3,"column":27}},"loc":{"start":{"line":3,"column":52},"end":{"line":11,"column":1}},"line":3}},"branchMap":{"0":{"loc":{"start":{"line":6,"column":2},"end":{"line":8,"column":3}},"type":"if","locations":[{"start":{"line":6,"column":2},"end":{"line":8,"column":3}},{"start":{},"end":{}}],"line":6}},"s":{"0":2,"1":5,"2":4,"3":3,"4":1},"f":{"0":5},"b":{"0":[3,1]},"_coverageSchema":"1a1c01bbd47fc00a2c39e90264f33305004495a9","hash":"4bdab2af445d5b142b84eeca9bf1117b4fb0077f"}
,"/home/dunguyen/training/react-native-training/healthy-food/src/utils/test-utils.tsx": {"path":"/home/dunguyen/training/react-native-training/healthy-food/src/utils/test-utils.tsx","statementMap":{"0":{"start":{"line":10,"column":24},"end":{"line":20,"column":1}},"1":{"start":{"line":11,"column":22},"end":{"line":13,"column":4}},"2":{"start":{"line":15,"column":2},"end":{"line":19,"column":4}},"3":{"start":{"line":22,"column":21},"end":{"line":23,"column":54}},"4":{"start":{"line":23,"column":2},"end":{"line":23,"column":54}},"5":{"start":{"line":25,"column":44},"end":{"line":26,"column":70}},"6":{"start":{"line":26,"column":2},"end":{"line":26,"column":70}}},"fnMap":{"0":{"name":"(anonymous_0)","decl":{"start":{"line":10,"column":24},"end":{"line":10,"column":25}},"loc":{"start":{"line":10,"column":67},"end":{"line":20,"column":1}},"line":10},"1":{"name":"(anonymous_1)","decl":{"start":{"line":22,"column":21},"end":{"line":22,"column":22}},"loc":{"start":{"line":23,"column":2},"end":{"line":23,"column":54}},"line":23},"2":{"name":"(anonymous_2)","decl":{"start":{"line":25,"column":44},"end":{"line":25,"column":45}},"loc":{"start":{"line":26,"column":2},"end":{"line":26,"column":70}},"line":26}},"branchMap":{},"s":{"0":19,"1":56,"2":56,"3":19,"4":49,"5":19,"6":6},"f":{"0":56,"1":49,"2":6},"b":{},"_coverageSchema":"1a1c01bbd47fc00a2c39e90264f33305004495a9","hash":"884041172251c5351ee2dd2d4d24666883a79671"}
}
