TN:
SF:assets/icons/arrow-left.webp
FNF:0
FNH:0
DA:1,15
LF:1
LH:1
BRF:0
BRH:0
end_of_record
TN:
SF:assets/icons/arrow-right-bold.webp
FNF:0
FNH:0
DA:1,15
LF:1
LH:1
BRF:0
BRH:0
end_of_record
TN:
SF:assets/icons/favorite-fill.webp
FNF:0
FNH:0
DA:1,15
LF:1
LH:1
BRF:0
BRH:0
end_of_record
TN:
SF:assets/icons/favorite.webp
FNF:0
FNH:0
DA:1,15
LF:1
LH:1
BRF:0
BRH:0
end_of_record
TN:
SF:assets/icons/home-fill.webp
FNF:0
FNH:0
DA:1,15
LF:1
LH:1
BRF:0
BRH:0
end_of_record
TN:
SF:assets/icons/home.webp
FNF:0
FNH:0
DA:1,15
LF:1
LH:1
BRF:0
BRH:0
end_of_record
TN:
SF:assets/icons/icon-search.webp
FNF:0
FNH:0
DA:1,15
LF:1
LH:1
BRF:0
BRH:0
end_of_record
TN:
SF:assets/icons/question.webp
FNF:0
FNH:0
DA:1,15
LF:1
LH:1
BRF:0
BRH:0
end_of_record
TN:
SF:assets/icons/search-fill.webp
FNF:0
FNH:0
DA:1,15
LF:1
LH:1
BRF:0
BRH:0
end_of_record
TN:
SF:assets/icons/search.webp
FNF:0
FNH:0
DA:1,15
LF:1
LH:1
BRF:0
BRH:0
end_of_record
TN:
SF:assets/images/empty.webp
FNF:0
FNH:0
DA:1,15
LF:1
LH:1
BRF:0
BRH:0
end_of_record
TN:
SF:assets/images/logo.webp
FNF:0
FNH:0
DA:1,15
LF:1
LH:1
BRF:0
BRH:0
end_of_record
TN:
SF:assets/images/not-found.webp
FNF:0
FNH:0
DA:1,15
LF:1
LH:1
BRF:0
BRH:0
end_of_record
TN:
SF:src/components/index.ts
FNF:0
FNH:0
LF:0
LH:0
BRF:0
BRH:0
end_of_record
TN:
SF:src/components/Article/index.tsx
FN:28,(anonymous_0)
FNF:1
FNH:1
FNDA:19,(anonymous_0)
DA:18,6
DA:28,6
DA:36,19
DA:75,6
LF:4
LH:4
BRF:0
BRH:0
end_of_record
TN:
SF:src/components/ArticlesSlider/index.tsx
FN:22,(anonymous_0)
FN:25,(anonymous_1)
FN:49,(anonymous_2)
FNF:3
FNH:3
FNDA:5,(anonymous_0)
FNDA:15,(anonymous_1)
FNDA:15,(anonymous_2)
DA:17,5
DA:22,5
DA:23,5
DA:25,5
DA:26,15
DA:29,5
DA:49,15
DA:63,5
LF:8
LH:8
BRDA:26,0,0,5
BRDA:26,0,1,10
BRF:2
BRH:2
end_of_record
TN:
SF:src/components/BackHeader/index.tsx
FN:9,(anonymous_0)
FNF:1
FNH:0
FNDA:0,(anonymous_0)
DA:9,4
DA:10,0
DA:24,4
LF:3
LH:2
BRF:0
BRH:0
end_of_record
TN:
SF:src/components/Button/index.tsx
FN:24,(anonymous_0)
FN:38,(anonymous_1)
FNF:2
FNH:2
FNDA:29,(anonymous_0)
FNDA:29,(anonymous_1)
DA:22,9
DA:24,9
DA:33,29
DA:35,29
DA:38,29
DA:73,9
LF:6
LH:6
BRDA:26,0,0,28
BRDA:28,1,0,24
BRDA:30,2,0,6
BRDA:41,3,0,0
BRDA:41,3,1,29
BRDA:42,4,0,29
BRDA:42,4,1,5
BRDA:43,5,0,5
BRDA:43,5,1,0
BRDA:44,6,0,5
BRDA:44,6,1,0
BRDA:52,7,0,29
BRDA:52,7,1,29
BRDA:54,8,0,1
BRDA:54,8,1,28
BRDA:60,9,0,3
BRDA:60,9,1,25
BRF:17
BRH:14
end_of_record
TN:
SF:src/components/Categories/CategoryItem.tsx
FN:19,(anonymous_0)
FN:28,(anonymous_1)
FNF:2
FNH:2
FNDA:48,(anonymous_0)
FNDA:1,(anonymous_1)
DA:19,5
DA:28,48
DA:29,1
DA:32,48
DA:52,5
LF:5
LH:5
BRDA:23,0,0,0
BRDA:24,1,0,0
BRDA:38,2,0,48
BRDA:38,2,1,1
BRDA:43,3,0,48
BRDA:43,3,1,1
BRF:6
BRH:4
end_of_record
TN:
SF:src/components/Categories/index.tsx
FN:13,(anonymous_0)
FN:18,(anonymous_1)
FN:22,(anonymous_2)
FN:36,(anonymous_3)
FNF:4
FNH:3
FNDA:6,(anonymous_0)
FNDA:1,(anonymous_1)
FNDA:0,(anonymous_2)
FNDA:48,(anonymous_3)
DA:13,5
DA:18,6
DA:19,1
DA:21,1
DA:22,0
DA:25,1
DA:28,6
DA:37,48
DA:39,48
DA:59,5
LF:10
LH:9
BRDA:14,0,0,0
BRDA:15,1,0,4
BRDA:21,2,0,0
BRDA:21,2,1,1
BRDA:43,3,0,6
BRDA:43,3,1,42
BRDA:44,4,0,6
BRDA:44,4,1,42
BRF:8
BRH:6
end_of_record
TN:
SF:src/components/Container/index.tsx
FN:6,(anonymous_0)
FNF:1
FNH:1
FNDA:14,(anonymous_0)
DA:6,4
DA:11,14
DA:20,4
LF:3
LH:3
BRF:0
BRH:0
end_of_record
TN:
SF:src/components/ErrorFallback/index.tsx
FN:3,(anonymous_0)
FNF:1
FNH:1
FNDA:4,(anonymous_0)
DA:3,5
DA:10,4
DA:19,5
LF:3
LH:3
BRDA:13,0,0,4
BRDA:13,0,1,2
BRF:2
BRH:2
end_of_record
TN:
SF:src/components/FoodCard/index.tsx
FN:19,(anonymous_0)
FNF:1
FNH:1
FNDA:42,(anonymous_0)
DA:19,6
DA:29,42
DA:48,6
LF:3
LH:3
BRF:0
BRH:0
end_of_record
TN:
SF:src/components/FoodImage/index.tsx
FN:43,(anonymous_0)
FNF:1
FNH:1
FNDA:50,(anonymous_0)
DA:16,8
DA:35,8
DA:43,8
DA:48,50
DA:49,50
DA:51,50
DA:87,8
LF:7
LH:7
BRDA:46,0,0,1
BRDA:49,1,0,50
BRDA:49,1,1,1
BRDA:74,2,0,50
BRDA:74,2,1,2
BRF:5
BRH:5
end_of_record
TN:
SF:src/components/FoodInfo/index.tsx
FN:25,(anonymous_0)
FN:35,(anonymous_1)
FN:51,(anonymous_2)
FN:70,(anonymous_3)
FN:92,(anonymous_4)
FNF:5
FNH:5
FNDA:4,(anonymous_0)
FNDA:4,(anonymous_1)
FNDA:6,(anonymous_2)
FNDA:6,(anonymous_3)
FNDA:13,(anonymous_4)
DA:25,5
DA:35,4
DA:37,4
DA:52,6
DA:71,6
DA:74,6
DA:93,13
DA:113,5
LF:8
LH:8
BRDA:35,0,0,4
BRDA:35,0,1,0
BRDA:49,1,0,4
BRDA:49,1,1,0
BRDA:53,2,0,1
BRDA:53,2,1,5
BRDA:59,3,0,1
BRDA:59,3,1,5
BRDA:71,4,0,1
BRDA:71,4,1,5
BRDA:88,5,0,1
BRDA:88,5,1,5
BRF:12
BRH:10
end_of_record
TN:
SF:src/components/FoodList/index.tsx
FN:19,(anonymous_0)
FN:28,(anonymous_1)
FN:38,(anonymous_2)
FN:46,(anonymous_3)
FNF:4
FNH:3
FNDA:5,(anonymous_0)
FNDA:40,(anonymous_1)
FNDA:0,(anonymous_2)
FNDA:48,(anonymous_3)
DA:19,5
DA:26,5
DA:28,5
DA:29,40
DA:30,40
DA:39,0
DA:46,48
DA:48,5
DA:50,5
DA:78,5
LF:10
LH:9
BRDA:22,0,0,5
BRDA:41,1,0,2
BRDA:41,1,1,38
BRDA:41,2,0,40
BRDA:41,2,1,16
BRDA:61,3,0,2
BRDA:61,3,1,3
BRDA:62,4,0,5
BRDA:62,4,1,0
BRDA:64,5,0,2
BRDA:64,5,1,3
BRDA:65,6,0,2
BRDA:65,6,1,3
BRDA:71,7,0,2
BRDA:71,7,1,3
BRF:15
BRH:14
end_of_record
TN:
SF:src/components/Header/index.tsx
FN:12,(anonymous_0)
FNF:1
FNH:1
FNDA:3,(anonymous_0)
DA:12,5
DA:13,3
DA:30,5
LF:3
LH:3
BRF:0
BRH:0
end_of_record
TN:
SF:src/components/Loading/index.tsx
FN:5,(anonymous_0)
FNF:1
FNH:1
FNDA:3,(anonymous_0)
DA:5,5
DA:12,3
DA:14,3
DA:23,3
DA:28,3
DA:46,5
LF:6
LH:6
BRDA:33,0,0,3
BRDA:33,0,1,1
BRF:2
BRH:2
end_of_record
TN:
SF:src/components/Logo/index.tsx
FN:7,(anonymous_0)
FNF:1
FNH:1
FNDA:3,(anonymous_0)
DA:7,5
DA:9,5
LF:2
LH:2
BRF:0
BRH:0
end_of_record
TN:
SF:src/components/NotFound/index.tsx
FN:14,(anonymous_0)
FNF:1
FNH:1
FNDA:4,(anonymous_0)
DA:11,5
DA:12,5
DA:14,5
DA:29,4
DA:51,5
LF:5
LH:5
BRDA:15,0,0,3
BRDA:16,1,0,3
BRDA:23,2,0,3
BRF:3
BRH:3
end_of_record
TN:
SF:src/components/Nutritional/index.tsx
FN:9,(anonymous_0)
FN:10,(anonymous_1)
FN:17,(anonymous_2)
FNF:3
FNH:3
FNDA:5,(anonymous_0)
FNDA:20,(anonymous_1)
FNDA:20,(anonymous_2)
DA:9,6
DA:10,20
DA:15,5
DA:18,20
DA:35,6
LF:5
LH:5
BRF:0
BRH:0
end_of_record
TN:
SF:src/components/SearchInput/index.tsx
FN:20,(anonymous_0)
FN:28,(anonymous_1)
FN:29,(anonymous_2)
FN:30,(anonymous_3)
FN:37,(anonymous_4)
FN:41,(anonymous_5)
FNF:6
FNH:6
FNDA:10,(anonymous_0)
FNDA:3,(anonymous_1)
FNDA:1,(anonymous_2)
FNDA:1,(anonymous_3)
FNDA:2,(anonymous_4)
FNDA:1,(anonymous_5)
DA:20,5
DA:24,10
DA:26,10
DA:28,3
DA:29,1
DA:31,1
DA:37,10
DA:38,2
DA:41,10
DA:42,1
DA:43,1
DA:46,10
DA:76,5
LF:13
LH:13
BRDA:58,0,0,10
BRDA:58,0,1,1
BRF:2
BRH:2
end_of_record
TN:
SF:src/components/Skeleton/DetailScreen.tsx
FN:10,(anonymous_0)
FN:24,(anonymous_1)
FNF:2
FNH:2
FNDA:1,(anonymous_0)
FNDA:4,(anonymous_1)
DA:10,4
DA:11,1
DA:25,4
DA:42,4
LF:4
LH:4
BRF:0
BRH:0
end_of_record
TN:
SF:src/components/Skeleton/FavoriteScreen.tsx
FN:8,(anonymous_0)
FNF:1
FNH:0
FNDA:0,(anonymous_0)
DA:8,4
DA:9,0
DA:19,4
LF:3
LH:2
BRF:0
BRH:0
end_of_record
TN:
SF:src/components/Skeleton/Filter.tsx
FN:7,(anonymous_0)
FN:10,(anonymous_1)
FNF:2
FNH:0
FNDA:0,(anonymous_0)
FNDA:0,(anonymous_1)
DA:7,4
DA:8,0
DA:11,0
DA:19,4
LF:4
LH:2
BRF:0
BRH:0
end_of_record
TN:
SF:src/components/Skeleton/FoodCard.tsx
FN:7,(anonymous_0)
FNF:1
FNH:1
FNDA:11,(anonymous_0)
DA:7,4
DA:8,11
DA:17,4
LF:3
LH:3
BRF:0
BRH:0
end_of_record
TN:
SF:src/components/Skeleton/HomeScreen.tsx
FN:12,(anonymous_0)
FN:18,(anonymous_1)
FN:24,(anonymous_2)
FNF:3
FNH:0
FNDA:0,(anonymous_0)
FNDA:0,(anonymous_1)
FNDA:0,(anonymous_2)
DA:12,4
DA:13,0
DA:19,0
DA:25,0
DA:38,4
LF:5
LH:2
BRF:0
BRH:0
end_of_record
TN:
SF:src/components/Skeleton/HorizontalFoodList.tsx
FN:6,(anonymous_0)
FN:9,(anonymous_1)
FNF:2
FNH:2
FNDA:1,(anonymous_0)
FNDA:3,(anonymous_1)
DA:6,4
DA:7,1
DA:10,3
LF:3
LH:3
BRDA:6,0,0,1
BRF:1
BRH:1
end_of_record
TN:
SF:src/components/Skeleton/SearchInput.tsx
FN:5,(anonymous_0)
FNF:1
FNH:0
FNDA:0,(anonymous_0)
DA:5,4
DA:6,0
DA:11,4
LF:3
LH:2
BRF:0
BRH:0
end_of_record
TN:
SF:src/components/Skeleton/SearchScreen.tsx
FN:9,(anonymous_0)
FNF:1
FNH:0
FNDA:0,(anonymous_0)
DA:9,4
DA:10,0
DA:23,4
LF:3
LH:2
BRF:0
BRH:0
end_of_record
TN:
SF:src/components/Skeleton/Skeleton.tsx
FN:12,(anonymous_0)
FNF:1
FNH:1
FNDA:40,(anonymous_0)
DA:10,4
DA:12,4
DA:13,40
DA:24,4
LF:4
LH:4
BRF:0
BRH:0
end_of_record
TN:
SF:src/components/Skeleton/VerticalFoodList.tsx
FN:7,(anonymous_0)
FN:15,(anonymous_1)
FNF:2
FNH:2
FNDA:1,(anonymous_0)
FNDA:6,(anonymous_1)
DA:7,4
DA:13,1
DA:16,6
DA:24,4
LF:4
LH:4
BRDA:8,0,0,1
BRF:1
BRH:1
end_of_record
TN:
SF:src/components/Skeleton/index.ts
FNF:0
FNH:0
LF:0
LH:0
BRF:0
BRH:0
end_of_record
TN:
SF:src/components/TabIcon/index.tsx
FN:12,(anonymous_0)
FNF:1
FNH:1
FNDA:8,(anonymous_0)
DA:12,5
DA:19,8
DA:25,8
DA:27,8
DA:29,7
DA:39,5
LF:6
LH:6
BRDA:20,0,0,5
BRDA:20,0,1,3
BRDA:21,1,0,5
BRDA:21,1,1,3
BRDA:22,2,0,5
BRDA:22,2,1,3
BRDA:27,3,0,1
BRDA:27,3,1,7
BRF:8
BRH:8
end_of_record
TN:
SF:src/components/Text/index.tsx
FN:23,(anonymous_0)
FNF:1
FNH:1
FNDA:323,(anonymous_0)
DA:10,16
DA:23,16
DA:31,323
DA:33,323
DA:40,323
DA:43,16
LF:6
LH:6
BRDA:24,0,0,4
BRDA:31,1,0,323
BRDA:31,1,1,303
BRDA:31,1,2,197
BRF:4
BRH:4
end_of_record
TN:
SF:src/components/Toggle/index.tsx
FN:3,(anonymous_0)
FN:17,(anonymous_1)
FN:17,(anonymous_2)
FNF:3
FNH:3
FNDA:19,(anonymous_0)
FNDA:6,(anonymous_1)
FNDA:6,(anonymous_2)
DA:3,6
DA:12,19
DA:14,19
DA:17,6
LF:4
LH:4
BRF:0
BRH:0
end_of_record
TN:
SF:src/configs/linking.ts
FNF:0
FNH:0
DA:4,1
DA:6,1
LF:2
LH:2
BRF:0
BRH:0
end_of_record
TN:
SF:src/constants/api.ts
FNF:0
FNH:0
DA:3,14
DA:7,14
LF:2
LH:2
BRF:0
BRH:0
end_of_record
TN:
SF:src/constants/category.ts
FNF:0
FNH:0
DA:3,14
LF:1
LH:1
BRF:0
BRH:0
end_of_record
TN:
SF:src/constants/dimensions.ts
FNF:0
FNH:0
DA:3,14
DA:4,14
DA:5,14
DA:6,14
LF:4
LH:4
BRF:0
BRH:0
end_of_record
TN:
SF:src/constants/icons.ts
FNF:0
FNH:0
DA:1,15
LF:1
LH:1
BRF:0
BRH:0
end_of_record
TN:
SF:src/constants/index.ts
FNF:0
FNH:0
LF:0
LH:0
BRF:0
BRH:0
end_of_record
TN:
SF:src/constants/query.ts
FN:4,(anonymous_0)
FNF:1
FNH:1
FNDA:3,(anonymous_0)
DA:1,14
DA:4,3
DA:7,14
DA:8,14
LF:4
LH:4
BRF:0
BRH:0
end_of_record
TN:
SF:src/constants/routes.ts
FNF:0
FNH:0
LF:0
LH:0
BRF:0
BRH:0
end_of_record
TN:
SF:src/constants/theme.ts
FNF:0
FNH:0
DA:8,17
LF:1
LH:1
BRF:0
BRH:0
end_of_record
TN:
SF:src/contexts/focus/index.ts
FNF:0
FNH:0
LF:0
LH:0
BRF:0
BRH:0
end_of_record
TN:
SF:src/contexts/focus/provider.tsx
FN:6,(anonymous_0)
FN:8,(anonymous_1)
FNF:2
FNH:0
FNDA:0,(anonymous_0)
FNDA:0,(anonymous_1)
DA:3,3
DA:4,3
DA:8,3
DA:9,0
DA:11,0
LF:5
LH:3
BRF:0
BRH:0
end_of_record
TN:
SF:src/hooks/index.ts
FNF:0
FNH:0
LF:0
LH:0
BRF:0
BRH:0
end_of_record
TN:
SF:src/hooks/useAppBackHandler.ts
FN:8,(anonymous_0)
FN:9,(anonymous_1)
FN:10,(anonymous_2)
FN:18,(anonymous_3)
FN:21,(anonymous_4)
FN:35,(anonymous_5)
FNF:6
FNH:0
FNDA:0,(anonymous_0)
FNDA:0,(anonymous_1)
FNDA:0,(anonymous_2)
FNDA:0,(anonymous_3)
FNDA:0,(anonymous_4)
FNDA:0,(anonymous_5)
DA:8,1
DA:9,0
DA:10,0
DA:12,0
DA:14,0
DA:15,0
DA:18,0
DA:21,0
DA:24,0
DA:27,0
DA:30,0
DA:35,0
LF:12
LH:1
BRDA:14,0,0,0
BRDA:14,0,1,0
BRF:2
BRH:0
end_of_record
TN:
SF:src/hooks/useAppLinking.ts
FN:12,(anonymous_0)
FN:38,(anonymous_1)
FN:39,(anonymous_2)
FN:40,(anonymous_3)
FN:47,(anonymous_4)
FNF:5
FNH:0
FNDA:0,(anonymous_0)
FNDA:0,(anonymous_1)
FNDA:0,(anonymous_2)
FNDA:0,(anonymous_3)
FNDA:0,(anonymous_4)
DA:12,1
DA:13,0
DA:14,0
DA:16,0
DA:18,0
DA:19,0
DA:20,0
DA:23,0
DA:24,0
DA:27,0
DA:28,0
DA:30,0
DA:31,0
DA:34,0
DA:38,1
DA:39,0
DA:40,0
DA:41,0
DA:45,0
DA:47,0
DA:48,0
DA:52,0
LF:22
LH:2
BRDA:14,0,0,0
BRDA:14,0,1,0
BRDA:16,1,0,0
BRDA:16,1,1,0
BRDA:16,1,2,0
BRDA:16,1,3,0
BRDA:18,2,0,0
BRDA:18,2,1,0
BRDA:27,3,0,0
BRDA:27,3,1,0
BRDA:27,4,0,0
BRDA:27,4,1,0
BRDA:41,5,0,0
BRDA:41,5,1,0
BRF:14
BRH:0
end_of_record
TN:
SF:src/hooks/useFavorite.ts
FN:11,(anonymous_0)
FN:18,(anonymous_1)
FNF:2
FNH:2
FNDA:14,(anonymous_0)
FNDA:5,(anonymous_1)
DA:11,2
DA:12,14
DA:13,14
DA:15,14
DA:19,5
DA:20,5
DA:24,5
DA:25,2
DA:26,1
DA:27,1
DA:30,1
DA:33,4
DA:37,14
LF:13
LH:13
BRDA:24,0,0,2
BRDA:24,0,1,3
BRF:2
BRH:2
end_of_record
TN:
SF:src/hooks/useFocus.ts
FN:7,(anonymous_0)
FNF:1
FNH:1
FNDA:1,(anonymous_0)
DA:7,2
DA:8,1
DA:9,1
DA:11,1
LF:4
LH:4
BRF:0
BRH:0
end_of_record
TN:
SF:src/hooks/useFoodList.tsx
FN:5,useFoodList
FN:15,(anonymous_1)
FN:17,(anonymous_2)
FN:18,(anonymous_3)
FN:19,(anonymous_4)
FN:20,(anonymous_5)
FN:20,(anonymous_6)
FNF:7
FNH:7
FNDA:4,useFoodList
FNDA:3,(anonymous_1)
FNDA:9,(anonymous_2)
FNDA:8,(anonymous_3)
FNDA:10,(anonymous_4)
FNDA:4,(anonymous_5)
FNDA:6,(anonymous_6)
DA:11,4
DA:16,3
DA:17,9
DA:18,8
DA:19,10
DA:20,6
DA:23,4
LF:7
LH:7
BRDA:5,0,0,3
BRDA:6,1,0,3
BRDA:7,2,0,3
BRF:3
BRH:3
end_of_record
TN:
SF:src/hooks/useMeasureTTI.ts
FN:5,(anonymous_0)
FN:6,(anonymous_1)
FNF:2
FNH:0
FNDA:0,(anonymous_0)
FNDA:0,(anonymous_1)
DA:3,1
DA:5,1
DA:6,0
DA:7,0
DA:8,0
DA:9,0
DA:10,0
LF:7
LH:2
BRDA:7,0,0,0
BRDA:7,0,1,0
BRF:2
BRH:0
end_of_record
TN:
SF:src/mocks/article.ts
FNF:0
FNH:0
DA:3,3
LF:1
LH:1
BRF:0
BRH:0
end_of_record
TN:
SF:src/mocks/food.ts
FNF:0
FNH:0
DA:3,10
LF:1
LH:1
BRF:0
BRH:0
end_of_record
TN:
SF:src/mocks/nutritional.ts
FNF:0
FNH:0
DA:3,1
LF:1
LH:1
BRF:0
BRH:0
end_of_record
TN:
SF:src/navigation/RootNavigation.tsx
FN:23,(anonymous_0)
FN:25,(anonymous_1)
FN:29,(anonymous_2)
FNF:3
FNH:0
FNDA:0,(anonymous_0)
FNDA:0,(anonymous_1)
FNDA:0,(anonymous_2)
DA:19,1
DA:23,1
DA:25,1
DA:26,0
DA:27,0
DA:29,0
DA:30,0
DA:31,0
DA:32,0
DA:35,0
DA:37,0
LF:11
LH:3
BRDA:32,0,0,0
BRDA:32,0,1,0
BRDA:45,1,0,0
BRDA:45,1,1,0
BRF:4
BRH:0
end_of_record
TN:
SF:src/navigation/StackNavigator.tsx
FN:11,(anonymous_0)
FN:12,(anonymous_1)
FN:16,(anonymous_2)
FN:20,(anonymous_3)
FN:34,(anonymous_4)
FN:38,(anonymous_5)
FNF:6
FNH:0
FNDA:0,(anonymous_0)
FNDA:0,(anonymous_1)
FNDA:0,(anonymous_2)
FNDA:0,(anonymous_3)
FNDA:0,(anonymous_4)
FNDA:0,(anonymous_5)
DA:11,1
DA:12,1
DA:14,1
DA:16,1
DA:17,0
DA:21,0
DA:35,0
DA:39,0
LF:8
LH:4
BRF:0
BRH:0
end_of_record
TN:
SF:src/navigation/index.ts
FNF:0
FNH:0
LF:0
LH:0
BRF:0
BRH:0
end_of_record
TN:
SF:src/screens/Details/index.tsx
FN:23,(anonymous_0)
FN:32,(anonymous_1)
FN:38,(anonymous_2)
FN:40,(anonymous_3)
FNF:4
FNH:1
FNDA:3,(anonymous_0)
FNDA:0,(anonymous_1)
FNDA:0,(anonymous_2)
FNDA:0,(anonymous_3)
DA:23,1
DA:24,3
DA:30,3
DA:32,0
DA:36,3
DA:38,3
DA:40,3
DA:41,0
DA:44,3
DA:45,1
DA:48,2
DA:49,1
DA:52,1
DA:68,1
LF:14
LH:12
BRDA:41,0,0,0
BRDA:41,0,1,0
BRDA:44,1,0,1
BRDA:44,1,1,2
BRDA:48,2,0,1
BRDA:48,2,1,1
BRDA:54,3,0,1
BRDA:54,3,1,0
BRDA:58,4,0,0
BRDA:58,4,1,1
BRF:10
BRH:6
end_of_record
TN:
SF:src/screens/Favorite/index.tsx
FN:12,(anonymous_0)
FNF:1
FNH:1
FNDA:4,(anonymous_0)
DA:12,1
DA:14,4
DA:16,4
DA:17,1
DA:20,3
DA:22,3
LF:6
LH:6
BRDA:16,0,0,1
BRDA:16,0,1,3
BRDA:24,1,0,1
BRDA:24,1,1,2
BRF:4
BRH:4
end_of_record
TN:
SF:src/screens/Home/index.tsx
FN:27,(anonymous_0)
FN:35,(anonymous_1)
FN:39,(anonymous_2)
FN:41,(anonymous_3)
FN:46,(anonymous_4)
FNF:5
FNH:2
FNDA:2,(anonymous_0)
FNDA:0,(anonymous_1)
FNDA:2,(anonymous_2)
FNDA:0,(anonymous_3)
FNDA:0,(anonymous_4)
DA:27,1
DA:28,2
DA:33,2
DA:35,2
DA:36,0
DA:39,2
DA:41,2
DA:42,0
DA:43,0
DA:46,2
DA:47,0
DA:50,2
DA:84,1
LF:13
LH:9
BRDA:39,0,0,0
BRDA:39,0,1,2
BRDA:62,1,0,1
BRDA:62,1,1,1
BRF:4
BRH:3
end_of_record
TN:
SF:src/screens/Search/index.tsx
FN:36,(anonymous_0)
FN:46,(anonymous_1)
FN:48,(anonymous_2)
FN:49,(anonymous_3)
FN:54,(anonymous_4)
FN:66,(anonymous_5)
FN:68,(anonymous_6)
FN:69,(anonymous_7)
FN:82,(anonymous_8)
FN:86,(anonymous_9)
FNF:10
FNH:6
FNDA:1,(anonymous_0)
FNDA:1,(anonymous_1)
FNDA:0,(anonymous_2)
FNDA:0,(anonymous_3)
FNDA:1,(anonymous_4)
FNDA:1,(anonymous_5)
FNDA:1,(anonymous_6)
FNDA:1,(anonymous_7)
FNDA:0,(anonymous_8)
FNDA:0,(anonymous_9)
DA:36,1
DA:37,1
DA:38,1
DA:40,1
DA:42,1
DA:43,1
DA:45,1
DA:47,1
DA:48,0
DA:49,0
DA:54,1
DA:56,1
DA:57,0
DA:60,1
DA:61,0
DA:65,1
DA:68,1
DA:69,1
DA:70,1
DA:75,1
DA:82,1
DA:83,0
DA:86,1
DA:87,0
DA:95,1
DA:132,1
LF:26
LH:20
BRDA:40,0,0,1
BRDA:40,1,0,1
BRDA:40,2,0,1
BRDA:40,2,1,0
BRDA:47,3,0,0
BRDA:47,3,1,1
BRDA:56,4,0,0
BRDA:56,4,1,1
BRDA:60,5,0,0
BRDA:60,5,1,1
BRDA:69,6,0,0
BRDA:69,6,1,1
BRDA:87,7,0,0
BRDA:87,7,1,0
BRDA:106,8,0,1
BRDA:106,8,1,0
BRF:16
BRH:8
end_of_record
TN:
SF:src/services/food.ts
FN:22,(anonymous_0)
FN:35,(anonymous_1)
FN:52,(anonymous_2)
FN:56,(anonymous_3)
FN:64,(anonymous_4)
FNF:5
FNH:5
FNDA:4,(anonymous_0)
FNDA:1,(anonymous_1)
FNDA:2,(anonymous_2)
FNDA:1,(anonymous_3)
FNDA:1,(anonymous_4)
DA:22,3
DA:28,4
DA:30,4
DA:31,4
DA:33,4
DA:35,4
DA:37,4
DA:39,4
DA:41,3
DA:42,3
DA:44,3
DA:52,3
DA:53,2
DA:55,1
DA:56,1
DA:58,1
DA:60,1
DA:61,1
DA:64,3
DA:65,1
DA:69,1
DA:70,0
DA:73,1
LF:23
LH:22
BRDA:23,0,0,2
BRDA:24,1,0,1
BRDA:25,2,0,0
BRDA:33,3,0,2
BRDA:33,3,1,2
BRDA:41,4,0,3
BRDA:41,4,1,1
BRDA:47,5,0,1
BRDA:47,5,1,2
BRDA:48,6,0,1
BRDA:48,6,1,2
BRDA:53,7,0,1
BRDA:53,7,1,1
BRDA:69,8,0,0
BRDA:69,8,1,1
BRF:15
BRH:13
end_of_record
TN:
SF:src/services/http-client.ts
FN:13,(anonymous_0)
FN:15,(anonymous_1)
FN:23,(anonymous_2)
FN:55,(anonymous_3)
FN:74,(anonymous_4)
FN:79,(anonymous_5)
FN:84,(anonymous_6)
FNF:7
FNH:7
FNDA:3,(anonymous_0)
FNDA:3,(anonymous_1)
FNDA:8,(anonymous_2)
FNDA:4,(anonymous_3)
FNDA:1,(anonymous_4)
FNDA:1,(anonymous_5)
FNDA:2,(anonymous_6)
DA:16,3
DA:17,3
DA:20,3
DA:23,3
DA:24,8
DA:26,8
DA:28,8
DA:35,8
DA:43,8
DA:45,7
DA:46,1
DA:47,1
DA:52,6
DA:62,4
DA:63,3
DA:65,3
DA:66,2
DA:67,2
DA:68,2
DA:71,1
DA:75,1
DA:76,1
DA:80,1
DA:81,1
DA:85,2
DA:86,1
DA:90,3
LF:27
LH:27
BRDA:16,0,0,3
BRDA:16,0,1,0
BRDA:24,1,0,4
BRDA:24,2,0,8
BRDA:24,2,1,4
BRDA:30,3,0,8
BRDA:30,3,1,2
BRDA:38,4,0,8
BRDA:38,4,1,2
BRDA:45,5,0,1
BRDA:45,5,1,6
BRDA:65,6,0,2
BRDA:65,6,1,1
BRDA:65,7,0,3
BRDA:65,7,1,3
BRDA:68,8,0,1
BRDA:68,8,1,1
BRF:17
BRH:16
end_of_record
TN:
SF:src/stores/favorite.ts
FN:22,(anonymous_0)
FN:27,(anonymous_1)
FN:31,(anonymous_2)
FN:32,(anonymous_3)
FN:33,(anonymous_4)
FN:44,(anonymous_5)
FN:45,(anonymous_6)
FN:46,(anonymous_7)
FN:54,(anonymous_8)
FN:58,(anonymous_9)
FN:59,(anonymous_10)
FN:61,(anonymous_11)
FN:68,(anonymous_12)
FN:69,(anonymous_13)
FN:70,(anonymous_14)
FNF:15
FNH:15
FNDA:2,(anonymous_0)
FNDA:2,(anonymous_1)
FNDA:7,(anonymous_2)
FNDA:7,(anonymous_3)
FNDA:3,(anonymous_4)
FNDA:1,(anonymous_5)
FNDA:1,(anonymous_6)
FNDA:2,(anonymous_7)
FNDA:1,(anonymous_8)
FNDA:2,(anonymous_9)
FNDA:2,(anonymous_10)
FNDA:2,(anonymous_11)
FNDA:2,(anonymous_12)
FNDA:17,(anonymous_13)
FNDA:14,(anonymous_14)
DA:22,2
DA:23,2
DA:25,2
DA:27,2
DA:32,7
DA:33,7
DA:34,1
DA:36,6
DA:37,6
DA:45,1
DA:46,2
DA:47,1
DA:55,1
DA:59,2
DA:61,2
DA:68,2
DA:69,17
DA:70,14
LF:18
LH:18
BRDA:33,0,0,1
BRDA:33,0,1,6
BRDA:33,1,0,7
BRDA:33,1,1,7
BRDA:60,2,0,1
BRDA:60,2,1,1
BRDA:61,3,0,2
BRDA:61,3,1,0
BRF:8
BRH:7
end_of_record
TN:
SF:src/utils/array.ts
FN:1,(anonymous_0)
FN:4,(anonymous_1)
FNF:2
FNH:2
FNDA:3,(anonymous_0)
FNDA:13,(anonymous_1)
DA:1,4
DA:2,3
DA:4,13
LF:3
LH:3
BRDA:1,0,0,3
BRF:1
BRH:1
end_of_record
TN:
SF:src/utils/debounce.ts
FN:2,debounce
FN:8,(anonymous_1)
FN:10,(anonymous_2)
FNF:3
FNH:3
FNDA:16,debounce
FNDA:10,(anonymous_1)
FNDA:8,(anonymous_2)
DA:8,16
DA:9,10
DA:10,10
DA:11,8
LF:4
LH:4
BRF:0
BRH:0
end_of_record
TN:
SF:src/utils/storage.ts
FN:3,(anonymous_0)
FNF:1
FNH:1
FNDA:5,(anonymous_0)
DA:3,2
DA:4,5
DA:6,4
DA:7,3
DA:10,1
LF:5
LH:5
BRDA:6,0,0,3
BRDA:6,0,1,1
BRF:2
BRH:2
end_of_record
TN:
SF:src/utils/test-utils.tsx
FN:10,(anonymous_0)
FN:22,(anonymous_1)
FN:25,(anonymous_2)
FNF:3
FNH:3
FNDA:56,(anonymous_0)
FNDA:49,(anonymous_1)
FNDA:6,(anonymous_2)
DA:10,19
DA:11,56
DA:15,56
DA:22,19
DA:23,49
DA:25,19
DA:26,6
LF:7
LH:7
BRF:0
BRH:0
end_of_record
